Arguments: 
  /home/edson/.nvm/versions/node/v14.18.2/bin/node /home/edson/.nvm/versions/node/v14.18.2/bin/yarn add socket.io

PATH: 
  /home/edson/.amplify/bin:/home/edson/.amplify/bin:/home/edson/.nvm/versions/node/v14.18.2/bin:/home/edson/.local/bin:/home/edson/.local/bin:/usr/local/bin:/usr/bin:/var/lib/snapd/snap/bin:/usr/local/sbin:/usr/bin/site_perl:/usr/bin/vendor_perl:/usr/bin/core_perl:/home/edson/flutter/bin:/home/edson/Android/sdk/emulator:/home/edson/google-cloud-sdk/bin:/home/edson/flutter/bin:/home/edson/Android/sdk/emulator:/home/edson/google-cloud-sdk/bin

Yarn version: 
  1.22.17

Node version: 
  14.18.2

Platform: 
  linux x64

Trace: 
  Error: getaddrinfo EAI_AGAIN registry.yarnpkg.com
      at GetAddrInfoReqWrap.onlookup [as oncomplete] (dns.js:71:26)

npm manifest: 
  {
    "name": "server",
    "version": "1.0.0",
    "description": "openbrock backend api",
    "main": "index.js",
    "repository": "https://github.com/edson-pro/openbrock.git",
    "author": "ntwali edson",
    "license": "MIT",
    "private": true,
    "scripts": {
      "dev": "tsc && concurrently \"tsc -w\" \"nodemon ./dist/index.js\"",
      "build": "tsc --project ./",
      "watch": "tsc --watch --project ./"
    },
    "dependencies": {
      "@aws-sdk/client-s3": "^3.54.1",
      "@aws-sdk/s3-presigned-post": "^3.54.1",
      "bcryptjs": "^2.4.3",
      "cors": "^2.8.5",
      "dotenv": "^16.0.0",
      "express": "^4.17.3",
      "google-auth-library": "^7.14.0",
      "graphql": "^16.3.0",
      "joi": "^17.6.0",
      "jsonwebtoken": "^8.5.1",
      "mongoose": "^6.2.3",
      "morgan": "^1.10.0"
    },
    "devDependencies": {
      "@types/express": "^4.17.9",
      "@types/node": "^14.14.20",
      "concurrently": "^7.0.0",
      "ts-node": "^9.1.1",
      "typescript": "^4.1.3"
    }
  }

yarn manifest: 
  No manifest

Lockfile: 
  # THIS IS AN AUTOGENERATED FILE. DO NOT EDIT THIS FILE DIRECTLY.
  # yarn lockfile v1
  
  
  "@aws-crypto/crc32@2.0.0":
    version "2.0.0"
    resolved "https://registry.yarnpkg.com/@aws-crypto/crc32/-/crc32-2.0.0.tgz#4ad432a3c03ec3087c5540ff6e41e6565d2dc153"
    integrity sha512-TvE1r2CUueyXOuHdEigYjIZVesInd9KN+K/TFFNfkkxRThiNxO6i4ZqqAVMoEjAamZZ1AA8WXJkjCz7YShHPQA==
    dependencies:
      "@aws-crypto/util" "^2.0.0"
      "@aws-sdk/types" "^3.1.0"
      tslib "^1.11.1"
  
  "@aws-crypto/crc32c@2.0.0":
    version "2.0.0"
    resolved "https://registry.yarnpkg.com/@aws-crypto/crc32c/-/crc32c-2.0.0.tgz#4235336ef78f169f6a05248906703b9b78da676e"
    integrity sha512-vF0eMdMHx3O3MoOXUfBZry8Y4ZDtcuskjjKgJz8YfIDjLStxTZrYXk+kZqtl6A0uCmmiN/Eb/JbC/CndTV1MHg==
    dependencies:
      "@aws-crypto/util" "^2.0.0"
      "@aws-sdk/types" "^3.1.0"
      tslib "^1.11.1"
  
  "@aws-crypto/ie11-detection@^2.0.0":
    version "2.0.0"
    resolved "https://registry.yarnpkg.com/@aws-crypto/ie11-detection/-/ie11-detection-2.0.0.tgz#bb6c2facf8f03457e949dcf0921477397ffa4c6e"
    integrity sha512-pkVXf/dq6PITJ0jzYZ69VhL8VFOFoPZLZqtU/12SGnzYuJOOGNfF41q9GxdI1yqC8R13Rq3jOLKDFpUJFT5eTA==
    dependencies:
      tslib "^1.11.1"
  
  "@aws-crypto/sha1-browser@2.0.0":
    version "2.0.0"
    resolved "https://registry.yarnpkg.com/@aws-crypto/sha1-browser/-/sha1-browser-2.0.0.tgz#71e735df20ea1d38f59259c4b1a2e00ca74a0eea"
    integrity sha512-3fIVRjPFY8EG5HWXR+ZJZMdWNRpwbxGzJ9IH9q93FpbgCH8u8GHRi46mZXp3cYD7gealmyqpm3ThZwLKJjWJhA==
    dependencies:
      "@aws-crypto/ie11-detection" "^2.0.0"
      "@aws-crypto/supports-web-crypto" "^2.0.0"
      "@aws-sdk/types" "^3.1.0"
      "@aws-sdk/util-locate-window" "^3.0.0"
      "@aws-sdk/util-utf8-browser" "^3.0.0"
      tslib "^1.11.1"
  
  "@aws-crypto/sha256-browser@2.0.0":
    version "2.0.0"
    resolved "https://registry.yarnpkg.com/@aws-crypto/sha256-browser/-/sha256-browser-2.0.0.tgz#741c9024df55ec59b51e5b1f5d806a4852699fb5"
    integrity sha512-rYXOQ8BFOaqMEHJrLHul/25ckWH6GTJtdLSajhlqGMx0PmSueAuvboCuZCTqEKlxR8CQOwRarxYMZZSYlhRA1A==
    dependencies:
      "@aws-crypto/ie11-detection" "^2.0.0"
      "@aws-crypto/sha256-js" "^2.0.0"
      "@aws-crypto/supports-web-crypto" "^2.0.0"
      "@aws-crypto/util" "^2.0.0"
      "@aws-sdk/types" "^3.1.0"
      "@aws-sdk/util-locate-window" "^3.0.0"
      "@aws-sdk/util-utf8-browser" "^3.0.0"
      tslib "^1.11.1"
  
  "@aws-crypto/sha256-js@2.0.0":
    version "2.0.0"
    resolved "https://registry.yarnpkg.com/@aws-crypto/sha256-js/-/sha256-js-2.0.0.tgz#f1f936039bdebd0b9e2dd834d65afdc2aac4efcb"
    integrity sha512-VZY+mCY4Nmrs5WGfitmNqXzaE873fcIZDu54cbaDaaamsaTOP1DBImV9F4pICc3EHjQXujyE8jig+PFCaew9ig==
    dependencies:
      "@aws-crypto/util" "^2.0.0"
      "@aws-sdk/types" "^3.1.0"
      tslib "^1.11.1"
  
  "@aws-crypto/sha256-js@^2.0.0":
    version "2.0.1"
    resolved "https://registry.yarnpkg.com/@aws-crypto/sha256-js/-/sha256-js-2.0.1.tgz#79e1e6cf61f652ef2089c08d471c722ecf1626a9"
    integrity sha512-mbHTBSPBvg6o/mN/c18Z/zifM05eJrapj5ggoOIeHIWckvkv5VgGi7r/wYpt+QAO2ySKXLNvH2d8L7bne4xrMQ==
    dependencies:
      "@aws-crypto/util" "^2.0.1"
      "@aws-sdk/types" "^3.1.0"
      tslib "^1.11.1"
  
  "@aws-crypto/supports-web-crypto@^2.0.0":
    version "2.0.0"
    resolved "https://registry.yarnpkg.com/@aws-crypto/supports-web-crypto/-/supports-web-crypto-2.0.0.tgz#fd6cde30b88f77d5a4f57b2c37c560d918014f9e"
    integrity sha512-Ge7WQ3E0OC7FHYprsZV3h0QIcpdyJLvIeg+uTuHqRYm8D6qCFJoiC+edSzSyFiHtZf+NOQDJ1q46qxjtzIY2nA==
    dependencies:
      tslib "^1.11.1"
  
  "@aws-crypto/util@^2.0.0", "@aws-crypto/util@^2.0.1":
    version "2.0.1"
    resolved "https://registry.yarnpkg.com/@aws-crypto/util/-/util-2.0.1.tgz#976cf619cf85084ca85ec5eb947a6ac6b8b5c98c"
    integrity sha512-JJmFFwvbm08lULw4Nm5QOLg8+lAQeC8aCXK5xrtxntYzYXCGfHwUJ4Is3770Q7HmICsXthGQ+ZsDL7C2uH3yBQ==
    dependencies:
      "@aws-sdk/types" "^3.1.0"
      "@aws-sdk/util-utf8-browser" "^3.0.0"
      tslib "^1.11.1"
  
  "@aws-sdk/abort-controller@3.54.1":
    version "3.54.1"
    resolved "https://registry.yarnpkg.com/@aws-sdk/abort-controller/-/abort-controller-3.54.1.tgz#b6d256a0056ecade5d8479a2863b4bd24691b8a7"
    integrity sha512-yYrZ4iFZzxxx6w14WbSCL157lkoFuSfLroCswb9fV9oVfEoHRL3a4MV/7SkbK3e3LtHiJ33tLFO15kmMYIEnLA==
    dependencies:
      "@aws-sdk/types" "3.54.1"
      tslib "^2.3.0"
  
  "@aws-sdk/chunked-blob-reader-native@3.52.0":
    version "3.52.0"
    resolved "https://registry.yarnpkg.com/@aws-sdk/chunked-blob-reader-native/-/chunked-blob-reader-native-3.52.0.tgz#0cd041d363f16223b8949252c940ae6ff92d3b91"
    integrity sha512-/hVzC0Q12/mWRMBBQD3v82xsLSxZ4RwG6N44XP7MuJoHy4ui4T7D9RSuvBpzzr/4fqF0w9M7XYv6aM4BD2pFIQ==
    dependencies:
      "@aws-sdk/util-base64-browser" "3.52.0"
      tslib "^2.3.0"
  
  "@aws-sdk/chunked-blob-reader@3.52.0":
    version "3.52.0"
    resolved "https://registry.yarnpkg.com/@aws-sdk/chunked-blob-reader/-/chunked-blob-reader-3.52.0.tgz#9136d5ce4353f7c682b9144d08003f673d858d43"
    integrity sha512-BAZhriHHfvnGOd0P9xcnGu8DGyxOa0lgmEw+Tc6nZpXJzx0P+1Sd76q5gE5d/IZ0r5VTB6rfwwKUoG6iShNCwQ==
    dependencies:
      tslib "^2.3.0"
  
  "@aws-sdk/client-s3@^3.54.1":
    version "3.54.1"
    resolved "https://registry.yarnpkg.com/@aws-sdk/client-s3/-/client-s3-3.54.1.tgz#354082376ca88ab19e45386d266d2e16bbdd49e1"
    integrity sha512-JGqq1hEKkCO2q71iVI3IZnGwR9iqFvvXjH+m8wb1YGEuq5kz3gmKHD32gYwQwvs1A0dHGiSKdT3jPVCuScahXQ==
    dependencies:
      "@aws-crypto/sha1-browser" "2.0.0"
      "@aws-crypto/sha256-browser" "2.0.0"
      "@aws-crypto/sha256-js" "2.0.0"
      "@aws-sdk/client-sts" "3.54.1"
      "@aws-sdk/config-resolver" "3.54.1"
      "@aws-sdk/credential-provider-node" "3.54.1"
      "@aws-sdk/eventstream-serde-browser" "3.54.1"
      "@aws-sdk/eventstream-serde-config-resolver" "3.54.1"
      "@aws-sdk/eventstream-serde-node" "3.54.1"
      "@aws-sdk/fetch-http-handler" "3.54.1"
      "@aws-sdk/hash-blob-browser" "3.54.1"
      "@aws-sdk/hash-node" "3.54.1"
      "@aws-sdk/hash-stream-node" "3.54.1"
      "@aws-sdk/invalid-dependency" "3.54.1"
      "@aws-sdk/md5-js" "3.54.1"
      "@aws-sdk/middleware-bucket-endpoint" "3.54.1"
      "@aws-sdk/middleware-content-length" "3.54.1"
      "@aws-sdk/middleware-expect-continue" "3.54.1"
      "@aws-sdk/middleware-flexible-checksums" "3.54.1"
      "@aws-sdk/middleware-host-header" "3.54.1"
      "@aws-sdk/middleware-location-constraint" "3.54.1"
      "@aws-sdk/middleware-logger" "3.54.1"
      "@aws-sdk/middleware-retry" "3.54.1"
      "@aws-sdk/middleware-sdk-s3" "3.54.1"
      "@aws-sdk/middleware-serde" "3.54.1"
      "@aws-sdk/middleware-signing" "3.54.1"
      "@aws-sdk/middleware-ssec" "3.54.1"
      "@aws-sdk/middleware-stack" "3.54.1"
      "@aws-sdk/middleware-user-agent" "3.54.1"
      "@aws-sdk/node-config-provider" "3.54.1"
      "@aws-sdk/node-http-handler" "3.54.1"
      "@aws-sdk/protocol-http" "3.54.1"
      "@aws-sdk/smithy-client" "3.54.1"
      "@aws-sdk/types" "3.54.1"
      "@aws-sdk/url-parser" "3.54.1"
      "@aws-sdk/util-base64-browser" "3.52.0"
      "@aws-sdk/util-base64-node" "3.52.0"
      "@aws-sdk/util-body-length-browser" "3.54.0"
      "@aws-sdk/util-body-length-node" "3.54.0"
      "@aws-sdk/util-defaults-mode-browser" "3.54.1"
      "@aws-sdk/util-defaults-mode-node" "3.54.1"
      "@aws-sdk/util-stream-browser" "3.54.1"
      "@aws-sdk/util-stream-node" "3.54.1"
      "@aws-sdk/util-user-agent-browser" "3.54.1"
      "@aws-sdk/util-user-agent-node" "3.54.1"
      "@aws-sdk/util-utf8-browser" "3.52.0"
      "@aws-sdk/util-utf8-node" "3.52.0"
      "@aws-sdk/util-waiter" "3.54.1"
      "@aws-sdk/xml-builder" "3.52.0"
      entities "2.2.0"
      fast-xml-parser "3.19.0"
      tslib "^2.3.0"
  
  "@aws-sdk/client-sso@3.54.1":
    version "3.54.1"
    resolved "https://registry.yarnpkg.com/@aws-sdk/client-sso/-/client-sso-3.54.1.tgz#02c2c8a85ab9adcfa58da497abccd2b4e85c8ffd"
    integrity sha512-Ir6XG8EzbfUVqr97rkEMW7eFGByiKQGv1Oc7Nxl3BqSXYD35rP2IJ/HI5TXx+CgOY+Ov+bI3g5BZZvSCXd3OBg==
    dependencies:
      "@aws-crypto/sha256-browser" "2.0.0"
      "@aws-crypto/sha256-js" "2.0.0"
      "@aws-sdk/config-resolver" "3.54.1"
      "@aws-sdk/fetch-http-handler" "3.54.1"
      "@aws-sdk/hash-node" "3.54.1"
      "@aws-sdk/invalid-dependency" "3.54.1"
      "@aws-sdk/middleware-content-length" "3.54.1"
      "@aws-sdk/middleware-host-header" "3.54.1"
      "@aws-sdk/middleware-logger" "3.54.1"
      "@aws-sdk/middleware-retry" "3.54.1"
      "@aws-sdk/middleware-serde" "3.54.1"
      "@aws-sdk/middleware-stack" "3.54.1"
      "@aws-sdk/middleware-user-agent" "3.54.1"
      "@aws-sdk/node-config-provider" "3.54.1"
      "@aws-sdk/node-http-handler" "3.54.1"
      "@aws-sdk/protocol-http" "3.54.1"
      "@aws-sdk/smithy-client" "3.54.1"
      "@aws-sdk/types" "3.54.1"
      "@aws-sdk/url-parser" "3.54.1"
      "@aws-sdk/util-base64-browser" "3.52.0"
      "@aws-sdk/util-base64-node" "3.52.0"
      "@aws-sdk/util-body-length-browser" "3.54.0"
      "@aws-sdk/util-body-length-node" "3.54.0"
      "@aws-sdk/util-defaults-mode-browser" "3.54.1"
      "@aws-sdk/util-defaults-mode-node" "3.54.1"
      "@aws-sdk/util-user-agent-browser" "3.54.1"
      "@aws-sdk/util-user-agent-node" "3.54.1"
      "@aws-sdk/util-utf8-browser" "3.52.0"
      "@aws-sdk/util-utf8-node" "3.52.0"
      tslib "^2.3.0"
  
  "@aws-sdk/client-sts@3.54.1":
    version "3.54.1"
    resolved "https://registry.yarnpkg.com/@aws-sdk/client-sts/-/client-sts-3.54.1.tgz#2a1838a2406eca0b0f0a9260fa7c60ffa74c7745"
    integrity sha512-1wgOvyyQcrNeeNWX2aerLOFb2+wkHeo9kjyErUJv7NLRzQGlFXmljfNme2ydvyUMA8NCwjEjePSfmktjnGP9BA==
    dependencies:
      "@aws-crypto/sha256-browser" "2.0.0"
      "@aws-crypto/sha256-js" "2.0.0"
      "@aws-sdk/config-resolver" "3.54.1"
      "@aws-sdk/credential-provider-node" "3.54.1"
      "@aws-sdk/fetch-http-handler" "3.54.1"
      "@aws-sdk/hash-node" "3.54.1"
      "@aws-sdk/invalid-dependency" "3.54.1"
      "@aws-sdk/middleware-content-length" "3.54.1"
      "@aws-sdk/middleware-host-header" "3.54.1"
      "@aws-sdk/middleware-logger" "3.54.1"
      "@aws-sdk/middleware-retry" "3.54.1"
      "@aws-sdk/middleware-sdk-sts" "3.54.1"
      "@aws-sdk/middleware-serde" "3.54.1"
      "@aws-sdk/middleware-signing" "3.54.1"
      "@aws-sdk/middleware-stack" "3.54.1"
      "@aws-sdk/middleware-user-agent" "3.54.1"
      "@aws-sdk/node-config-provider" "3.54.1"
      "@aws-sdk/node-http-handler" "3.54.1"
      "@aws-sdk/protocol-http" "3.54.1"
      "@aws-sdk/smithy-client" "3.54.1"
      "@aws-sdk/types" "3.54.1"
      "@aws-sdk/url-parser" "3.54.1"
      "@aws-sdk/util-base64-browser" "3.52.0"
      "@aws-sdk/util-base64-node" "3.52.0"
      "@aws-sdk/util-body-length-browser" "3.54.0"
      "@aws-sdk/util-body-length-node" "3.54.0"
      "@aws-sdk/util-defaults-mode-browser" "3.54.1"
      "@aws-sdk/util-defaults-mode-node" "3.54.1"
      "@aws-sdk/util-user-agent-browser" "3.54.1"
      "@aws-sdk/util-user-agent-node" "3.54.1"
      "@aws-sdk/util-utf8-browser" "3.52.0"
      "@aws-sdk/util-utf8-node" "3.52.0"
      entities "2.2.0"
      fast-xml-parser "3.19.0"
      tslib "^2.3.0"
  
  "@aws-sdk/config-resolver@3.54.1":
    version "3.54.1"
    resolved "https://registry.yarnpkg.com/@aws-sdk/config-resolver/-/config-resolver-3.54.1.tgz#18deb546645da3b9c993d3c21c1eecf1bbdcd14c"
    integrity sha512-MPaahgP+WGdZDfvsrjiOcpdyIIt4XaT2d62x0DYhkeWR7q6/g5d73ynS9377AwVp+6LyjzisqX1lSjfUkG2ryQ==
    dependencies:
      "@aws-sdk/signature-v4" "3.54.1"
      "@aws-sdk/types" "3.54.1"
      "@aws-sdk/util-config-provider" "3.52.0"
      tslib "^2.3.0"
  
  "@aws-sdk/credential-provider-env@3.54.1":
    version "3.54.1"
    resolved "https://registry.yarnpkg.com/@aws-sdk/credential-provider-env/-/credential-provider-env-3.54.1.tgz#089d1f97189c295c2ab9cf1b673c4fe2a79d0009"
    integrity sha512-+4ik84tPG6st6DxwymiJ/kO8OJPNjv0fROH4+OupvYiVyBLrvqoivbtwsee9mcQJ3KLkcASdht7bw271sP9wng==
    dependencies:
      "@aws-sdk/property-provider" "3.54.1"
      "@aws-sdk/types" "3.54.1"
      tslib "^2.3.0"
  
  "@aws-sdk/credential-provider-imds@3.54.1":
    version "3.54.1"
    resolved "https://registry.yarnpkg.com/@aws-sdk/credential-provider-imds/-/credential-provider-imds-3.54.1.tgz#ab1af1018a638ca65bdc481c8357f40e6128c36b"
    integrity sha512-IIJ9Or9HAxdOzhXMEB1OBUc1EXLiNPd1BD30u5mEpyaO4jJf0AKNNg7Lkhnl5yDX0oY8pbaakDFVomqGt2c9aQ==
    dependencies:
      "@aws-sdk/node-config-provider" "3.54.1"
      "@aws-sdk/property-provider" "3.54.1"
      "@aws-sdk/types" "3.54.1"
      "@aws-sdk/url-parser" "3.54.1"
      tslib "^2.3.0"
  
  "@aws-sdk/credential-provider-ini@3.54.1":
    version "3.54.1"
    resolved "https://registry.yarnpkg.com/@aws-sdk/credential-provider-ini/-/credential-provider-ini-3.54.1.tgz#e6af8fd3db0ad7577c747bbb89db1ce224703a48"
    integrity sha512-sdLJbNbBJPz4icb4OsbIMtKm2jZqeASBUYBYZfsiNP8E50EZkBOkQuKNzQikzbUZmJN+/U/3YqfrK6NzyzCd3g==
    dependencies:
      "@aws-sdk/credential-provider-env" "3.54.1"
      "@aws-sdk/credential-provider-imds" "3.54.1"
      "@aws-sdk/credential-provider-sso" "3.54.1"
      "@aws-sdk/credential-provider-web-identity" "3.54.1"
      "@aws-sdk/property-provider" "3.54.1"
      "@aws-sdk/shared-ini-file-loader" "3.54.1"
      "@aws-sdk/types" "3.54.1"
      tslib "^2.3.0"
  
  "@aws-sdk/credential-provider-node@3.54.1":
    version "3.54.1"
    resolved "https://registry.yarnpkg.com/@aws-sdk/credential-provider-node/-/credential-provider-node-3.54.1.tgz#0739bad7270219ee19675a311c5516d756637372"
    integrity sha512-J6/IjyniCYYJ+Y0cXvuZUB4yIKVOZvwziFwAA/mphtJEyiSjM7cOp3tATCrcBZuZn0OSRAeQlJ6xAy9MbKSHSQ==
    dependencies:
      "@aws-sdk/credential-provider-env" "3.54.1"
      "@aws-sdk/credential-provider-imds" "3.54.1"
      "@aws-sdk/credential-provider-ini" "3.54.1"
      "@aws-sdk/credential-provider-process" "3.54.1"
      "@aws-sdk/credential-provider-sso" "3.54.1"
      "@aws-sdk/credential-provider-web-identity" "3.54.1"
      "@aws-sdk/property-provider" "3.54.1"
      "@aws-sdk/shared-ini-file-loader" "3.54.1"
      "@aws-sdk/types" "3.54.1"
      tslib "^2.3.0"
  
  "@aws-sdk/credential-provider-process@3.54.1":
    version "3.54.1"
    resolved "https://registry.yarnpkg.com/@aws-sdk/credential-provider-process/-/credential-provider-process-3.54.1.tgz#5b41e1e331299326ed09b80beedddb9ff4bfd6c3"
    integrity sha512-LeRHa3mCyMsWuRpNeDGLg3KvqqM0hAw1qPszyG5F43x9EhmVCpHPepnf6TrMAbTxpbdhsy4y0+kNLTFxV3LMsw==
    dependencies:
      "@aws-sdk/property-provider" "3.54.1"
      "@aws-sdk/shared-ini-file-loader" "3.54.1"
      "@aws-sdk/types" "3.54.1"
      tslib "^2.3.0"
  
  "@aws-sdk/credential-provider-sso@3.54.1":
    version "3.54.1"
    resolved "https://registry.yarnpkg.com/@aws-sdk/credential-provider-sso/-/credential-provider-sso-3.54.1.tgz#76feb1a15802bc0bf95df63c360f9bc0af86f33a"
    integrity sha512-T6fImSfKabjhAk/kgqAhYoDFmV6kRI6PDFEQg9JJ50I61wLqgWIKWQJb0nphNpgGnEVSCp+I9alrahTNXDRQsw==
    dependencies:
      "@aws-sdk/client-sso" "3.54.1"
      "@aws-sdk/property-provider" "3.54.1"
      "@aws-sdk/shared-ini-file-loader" "3.54.1"
      "@aws-sdk/types" "3.54.1"
      tslib "^2.3.0"
  
  "@aws-sdk/credential-provider-web-identity@3.54.1":
    version "3.54.1"
    resolved "https://registry.yarnpkg.com/@aws-sdk/credential-provider-web-identity/-/credential-provider-web-identity-3.54.1.tgz#764f095b37f5a223f620c8ef6c3daa8644cabfe8"
    integrity sha512-wCOK6sK+zS89OetMz8qThqRtgu43dJgpkY7bYjVWlpfnsFGN7aqrNN/N93yhtY/YZmtD/sZVXXgTO2qDkkwl2g==
    dependencies:
      "@aws-sdk/property-provider" "3.54.1"
      "@aws-sdk/types" "3.54.1"
      tslib "^2.3.0"
  
  "@aws-sdk/eventstream-marshaller@3.54.1":
    version "3.54.1"
    resolved "https://registry.yarnpkg.com/@aws-sdk/eventstream-marshaller/-/eventstream-marshaller-3.54.1.tgz#2523e95933230841f00c7e353df8585cb4ac4799"
    integrity sha512-Ar+Cna5pZYseTHd6IAevhtorxD0SFOnNyXAs/CNzu1qFEoL6Zqik6tupJ0gOreIon/EGle5q0nfM46pujCi6wg==
    dependencies:
      "@aws-crypto/crc32" "2.0.0"
      "@aws-sdk/types" "3.54.1"
      "@aws-sdk/util-hex-encoding" "3.52.0"
      tslib "^2.3.0"
  
  "@aws-sdk/eventstream-serde-browser@3.54.1":
    version "3.54.1"
    resolved "https://registry.yarnpkg.com/@aws-sdk/eventstream-serde-browser/-/eventstream-serde-browser-3.54.1.tgz#a4342b3148d84754f4b39c025502a052a3d977c7"
    integrity sha512-+XTucMoHRW/spVt6ZxzagLYwBz+nfKrkK/IDzLr7X2bnOOl9CsoYm8acskBbVqzdtcNfCHTkGg5nOAUCjTJt6A==
    dependencies:
      "@aws-sdk/eventstream-marshaller" "3.54.1"
      "@aws-sdk/eventstream-serde-universal" "3.54.1"
      "@aws-sdk/types" "3.54.1"
      tslib "^2.3.0"
  
  "@aws-sdk/eventstream-serde-config-resolver@3.54.1":
    version "3.54.1"
    resolved "https://registry.yarnpkg.com/@aws-sdk/eventstream-serde-config-resolver/-/eventstream-serde-config-resolver-3.54.1.tgz#c6fec4c5c7c8677db2f2f3ec4591efbccb3a0d65"
    integrity sha512-0ZDpz5LiWbrGZpp8HaXa4j9uzBLiVE9h0wpqnrYuNlnsolsDdVtbDtOlh4BSlz5uRVig2WogT0fIGYhKsK4wXg==
    dependencies:
      "@aws-sdk/types" "3.54.1"
      tslib "^2.3.0"
  
  "@aws-sdk/eventstream-serde-node@3.54.1":
    version "3.54.1"
    resolved "https://registry.yarnpkg.com/@aws-sdk/eventstream-serde-node/-/eventstream-serde-node-3.54.1.tgz#9bb9d4ed3745a8742e98dbe4b46059a3bd3523b2"
    integrity sha512-2vJ/cj6ruMpeb7QF3/mdfdL4CfUyhy+guAt9hjwj1se6bE+T+8lQmIQZ+hkGGba3bBnzMwAxkQpsaAxGzdiLJA==
    dependencies:
      "@aws-sdk/eventstream-marshaller" "3.54.1"
      "@aws-sdk/eventstream-serde-universal" "3.54.1"
      "@aws-sdk/types" "3.54.1"
      tslib "^2.3.0"
  
  "@aws-sdk/eventstream-serde-universal@3.54.1":
    version "3.54.1"
    resolved "https://registry.yarnpkg.com/@aws-sdk/eventstream-serde-universal/-/eventstream-serde-universal-3.54.1.tgz#61958e0457b2a7f9ccfa768182ccede40bb4a477"
    integrity sha512-L6M136V+kAH5eoZzh42qslW9lFtld6NGr7tdidt21Vif/usXJt7IZP1tAc8ypL8lrsXeGLs92KkZ7n6rhLw2yA==
    dependencies:
      "@aws-sdk/eventstream-marshaller" "3.54.1"
      "@aws-sdk/types" "3.54.1"
      tslib "^2.3.0"
  
  "@aws-sdk/fetch-http-handler@3.54.1":
    version "3.54.1"
    resolved "https://registry.yarnpkg.com/@aws-sdk/fetch-http-handler/-/fetch-http-handler-3.54.1.tgz#df106ccfa3e10d4b845d864ab3c6f36a53255542"
    integrity sha512-i2sTy8NjFXMtdlaslGS0vKbz1+9J8Nnt1A7A1gWsJmi6cXofv86glKTtxXxr1BsZu82QAZbSO4lm/XAd5gcWuQ==
    dependencies:
      "@aws-sdk/protocol-http" "3.54.1"
      "@aws-sdk/querystring-builder" "3.54.1"
      "@aws-sdk/types" "3.54.1"
      "@aws-sdk/util-base64-browser" "3.52.0"
      tslib "^2.3.0"
  
  "@aws-sdk/hash-blob-browser@3.54.1":
    version "3.54.1"
    resolved "https://registry.yarnpkg.com/@aws-sdk/hash-blob-browser/-/hash-blob-browser-3.54.1.tgz#d4f6d7312e0dc2f8ac205c8ed4d93ffa5094893d"
    integrity sha512-wKnnye2CXS4x5dYus5cj5QNXf9dZpDDH36Ja1EyLwuM2jhh8EbcA0yHqQNEqkRr21RvVx7jtk7LvSk3/LDkshA==
    dependencies:
      "@aws-sdk/chunked-blob-reader" "3.52.0"
      "@aws-sdk/chunked-blob-reader-native" "3.52.0"
      "@aws-sdk/types" "3.54.1"
      tslib "^2.3.0"
  
  "@aws-sdk/hash-node@3.54.1":
    version "3.54.1"
    resolved "https://registry.yarnpkg.com/@aws-sdk/hash-node/-/hash-node-3.54.1.tgz#3772a8583ea89a1d1c5bb874b738d96460e0d887"
    integrity sha512-Vpu94h4vla92xLqmAZXHjSF/dw9Myf3Gd4LJMPK7Gb5XZVZgpIijqOF/vlx0YKRunuEopLlT9OFkDVBZtqtTIw==
    dependencies:
      "@aws-sdk/types" "3.54.1"
      "@aws-sdk/util-buffer-from" "3.52.0"
      tslib "^2.3.0"
  
  "@aws-sdk/hash-stream-node@3.54.1":
    version "3.54.1"
    resolved "https://registry.yarnpkg.com/@aws-sdk/hash-stream-node/-/hash-stream-node-3.54.1.tgz#df8b9b6b3d4bd22534d82d8127885b300dfb3427"
    integrity sha512-BO0tgtDrBlGpK0qBGSBbC95efW1RqIRKaKs0/kZeet6Z7Y7UR/22/j0hUuYebNd0JgNlsc+hygP2OZ1vZ+Fnnw==
    dependencies:
      "@aws-sdk/types" "3.54.1"
      tslib "^2.3.0"
  
  "@aws-sdk/invalid-dependency@3.54.1":
    version "3.54.1"
    resolved "https://registry.yarnpkg.com/@aws-sdk/invalid-dependency/-/invalid-dependency-3.54.1.tgz#6f54e6c578a4f1d8bed901ee8b7f616c14a6ba54"
    integrity sha512-nn+zqJ+nlO5yCxtvykLhj03e2+5wbb4fAgG47PHGCB8zjqvYDlv8jW1sryjR69dsMdylnanUmDvyvJUlQKj3eQ==
    dependencies:
      "@aws-sdk/types" "3.54.1"
      tslib "^2.3.0"
  
  "@aws-sdk/is-array-buffer@3.52.0":
    version "3.52.0"
    resolved "https://registry.yarnpkg.com/@aws-sdk/is-array-buffer/-/is-array-buffer-3.52.0.tgz#4d7f8f27ba328bb4bd513817802211387562d13e"
    integrity sha512-5Pe9QKrOeSZb9Z8gtlx9CDMfxH8EiNdClBfXBbc6CiUM7y6l7UintYHkm133zM5XTqtMRYY1jaD8svVAoRPApA==
    dependencies:
      tslib "^2.3.0"
  
  "@aws-sdk/md5-js@3.54.1":
    version "3.54.1"
    resolved "https://registry.yarnpkg.com/@aws-sdk/md5-js/-/md5-js-3.54.1.tgz#8e3f77f40dc5e0a9a87299a77e3e860fe2bc9563"
    integrity sha512-uH3Wm8w/oEt5ggw5Vaxi6jThgAOVuh1TPXALNm/xdvx+bOjWeDQHa1taSs+aiaoTmEsIFsQO/gFlUpiaxY3nkw==
    dependencies:
      "@aws-sdk/types" "3.54.1"
      "@aws-sdk/util-utf8-browser" "3.52.0"
      "@aws-sdk/util-utf8-node" "3.52.0"
      tslib "^2.3.0"
  
  "@aws-sdk/middleware-bucket-endpoint@3.54.1":
    version "3.54.1"
    resolved "https://registry.yarnpkg.com/@aws-sdk/middleware-bucket-endpoint/-/middleware-bucket-endpoint-3.54.1.tgz#06113c9486d384817650d776b8dd19af5fd95d72"
    integrity sha512-LhkYX87A3uJQydv8KtC2M5ItM5zpHVbYyUdnKWh0trk30UH9GzDPWUDcMmHrDV1M5Yq68ufIHleBrzcD/jna3Q==
    dependencies:
      "@aws-sdk/protocol-http" "3.54.1"
      "@aws-sdk/types" "3.54.1"
      "@aws-sdk/util-arn-parser" "3.52.0"
      "@aws-sdk/util-config-provider" "3.52.0"
      tslib "^2.3.0"
  
  "@aws-sdk/middleware-content-length@3.54.1":
    version "3.54.1"
    resolved "https://registry.yarnpkg.com/@aws-sdk/middleware-content-length/-/middleware-content-length-3.54.1.tgz#067d7799abd0ff741a89ff1d1ad91b12b895ec19"
    integrity sha512-mnp9GmIDQCtw1XtfnFyBvGLUPD0CGZx1terCoUIWVN+sd8ACpCuDM6wv9TNTU+rxcKkWiOFmNl4becSm46YXOw==
    dependencies:
      "@aws-sdk/protocol-http" "3.54.1"
      "@aws-sdk/types" "3.54.1"
      tslib "^2.3.0"
  
  "@aws-sdk/middleware-expect-continue@3.54.1":
    version "3.54.1"
    resolved "https://registry.yarnpkg.com/@aws-sdk/middleware-expect-continue/-/middleware-expect-continue-3.54.1.tgz#05d624e43c95fb3d82a6f3d9f44309ac9fe6ca06"
    integrity sha512-KNiodrFIHhZdSL5qC4Hg/1KfOPvqHoyZfodVkkcrIizfp16DhZFkwYcp1x/2QEGsaFVmYz9D6Pq9yIjuGw6NBA==
    dependencies:
      "@aws-sdk/middleware-header-default" "3.54.1"
      "@aws-sdk/protocol-http" "3.54.1"
      "@aws-sdk/types" "3.54.1"
      tslib "^2.3.0"
  
  "@aws-sdk/middleware-flexible-checksums@3.54.1":
    version "3.54.1"
    resolved "https://registry.yarnpkg.com/@aws-sdk/middleware-flexible-checksums/-/middleware-flexible-checksums-3.54.1.tgz#17172637b4b93bec2be1892effc5bc2aa1ce6933"
    integrity sha512-+zJzx9EkMXpt3fQMucxgiG7WWmRH/8liJx6I+XcJoVC7IaNGgRck7KQWoq01+KMJ8+GLXNerFk8RUt8q4SVpig==
    dependencies:
      "@aws-crypto/crc32" "2.0.0"
      "@aws-crypto/crc32c" "2.0.0"
      "@aws-sdk/is-array-buffer" "3.52.0"
      "@aws-sdk/protocol-http" "3.54.1"
      "@aws-sdk/types" "3.54.1"
      tslib "^2.3.0"
  
  "@aws-sdk/middleware-header-default@3.54.1":
    version "3.54.1"
    resolved "https://registry.yarnpkg.com/@aws-sdk/middleware-header-default/-/middleware-header-default-3.54.1.tgz#cfb0636229a045f99430f4dd386055a4049e1191"
    integrity sha512-K6MsVrWrFjPh5nI7OYIj3sTh3VGeJ1TEXEihG18731lEgYRkyYA5pB43U2ieUE1kQlr1rHrDSWy/3mbPvDcVTA==
    dependencies:
      "@aws-sdk/protocol-http" "3.54.1"
      "@aws-sdk/types" "3.54.1"
      tslib "^2.3.0"
  
  "@aws-sdk/middleware-host-header@3.54.1":
    version "3.54.1"
    resolved "https://registry.yarnpkg.com/@aws-sdk/middleware-host-header/-/middleware-host-header-3.54.1.tgz#a9ee2ece59cccce5e1cfc9a30b2e808cee939ef5"
    integrity sha512-x3RpdcCGu4bvvq5DrluBDCYyOCczcbVCjZm/GBwXy7qddu//1EBtZpJCcJ96ptp1ibjNW48jJPLftel7SK4qAg==
    dependencies:
      "@aws-sdk/protocol-http" "3.54.1"
      "@aws-sdk/types" "3.54.1"
      tslib "^2.3.0"
  
  "@aws-sdk/middleware-location-constraint@3.54.1":
    version "3.54.1"
    resolved "https://registry.yarnpkg.com/@aws-sdk/middleware-location-constraint/-/middleware-location-constraint-3.54.1.tgz#2eea7bba2e21a74f4530f24f754f39fab8fb3fb7"
    integrity sha512-xiMhP4BbQtVo+7AFlxk/IGnrXFHi7bCb9H3Yn/08kLVDUeU7FHLwJxhKJK/OkJazavQv64/AEiTZ7fPw4l5xfA==
    dependencies:
      "@aws-sdk/types" "3.54.1"
      tslib "^2.3.0"
  
  "@aws-sdk/middleware-logger@3.54.1":
    version "3.54.1"
    resolved "https://registry.yarnpkg.com/@aws-sdk/middleware-logger/-/middleware-logger-3.54.1.tgz#f00c5968a12ea43596a7ce3d63ec922e366830f9"
    integrity sha512-Cc7CDFVTAFXjZDNYGduZMWU0F/M5uEeB/GJJGNia3QEMpGjznX7sQH/wbPyVGwcV2/ONSS6NIxhUMnFrb/yl3w==
    dependencies:
      "@aws-sdk/types" "3.54.1"
      tslib "^2.3.0"
  
  "@aws-sdk/middleware-retry@3.54.1":
    version "3.54.1"
    resolved "https://registry.yarnpkg.com/@aws-sdk/middleware-retry/-/middleware-retry-3.54.1.tgz#a0d459e156f92e6c4bbc49dac14a1689695078ab"
    integrity sha512-NwF4YU+8qnfD2mimVvlrqPeDUGYRSeoG8eONzC4SajsTRe9oWprRpWgpO47b0P5xrzJRYu18Li6jNz6qR4q4mw==
    dependencies:
      "@aws-sdk/protocol-http" "3.54.1"
      "@aws-sdk/service-error-classification" "3.54.1"
      "@aws-sdk/types" "3.54.1"
      tslib "^2.3.0"
      uuid "^8.3.2"
  
  "@aws-sdk/middleware-sdk-s3@3.54.1":
    version "3.54.1"
    resolved "https://registry.yarnpkg.com/@aws-sdk/middleware-sdk-s3/-/middleware-sdk-s3-3.54.1.tgz#b7c29b9f080f7038a84f04c16f73c6a3105a2872"
    integrity sha512-tyFHT/tDKmNR5NnGPnvDwkOllhOMAiWEuq9ZbKphfKhSn27E7d7jUhOnSAKrMyBjCtR/8nIp8W6RoPfHU7UM5w==
    dependencies:
      "@aws-sdk/protocol-http" "3.54.1"
      "@aws-sdk/signature-v4" "3.54.1"
      "@aws-sdk/types" "3.54.1"
      "@aws-sdk/util-arn-parser" "3.52.0"
      tslib "^2.3.0"
  
  "@aws-sdk/middleware-sdk-sts@3.54.1":
    version "3.54.1"
    resolved "https://registry.yarnpkg.com/@aws-sdk/middleware-sdk-sts/-/middleware-sdk-sts-3.54.1.tgz#8aba67ec675d38ea738084ee03667e4e696f2601"
    integrity sha512-r4weIvX7YZ62Ag9h+txQDfeK6MlFwZq7YeTYeGN57FF3sPlvMzFvI1BQ+H3A7KlQoXalAL2BzI9GPTkmTEcklg==
    dependencies:
      "@aws-sdk/middleware-signing" "3.54.1"
      "@aws-sdk/property-provider" "3.54.1"
      "@aws-sdk/protocol-http" "3.54.1"
      "@aws-sdk/signature-v4" "3.54.1"
      "@aws-sdk/types" "3.54.1"
      tslib "^2.3.0"
  
  "@aws-sdk/middleware-serde@3.54.1":
    version "3.54.1"
    resolved "https://registry.yarnpkg.com/@aws-sdk/middleware-serde/-/middleware-serde-3.54.1.tgz#5cdaa183dda1553e0fe71fcdf0581f4b02ecc8fc"
    integrity sha512-mOAa54Jwo5pG+Xs5z3VjIi4PMQVRvhsfONTlZV/GRYbJniKVE2/zLZzHLXpeChrdZjHX+kOY/1LSVpypbziu/Q==
    dependencies:
      "@aws-sdk/types" "3.54.1"
      tslib "^2.3.0"
  
  "@aws-sdk/middleware-signing@3.54.1":
    version "3.54.1"
    resolved "https://registry.yarnpkg.com/@aws-sdk/middleware-signing/-/middleware-signing-3.54.1.tgz#2ff72afbf51cb4b1b6feed652def37674cd2c1d3"
    integrity sha512-orM7cXa14mLmsJXzJrls6iJz5nmICMvx5FP1e0q28TnIgyoqUILcndGzYm3q0l2fwk7BJdw87q6sSy56LWJPkQ==
    dependencies:
      "@aws-sdk/property-provider" "3.54.1"
      "@aws-sdk/protocol-http" "3.54.1"
      "@aws-sdk/signature-v4" "3.54.1"
      "@aws-sdk/types" "3.54.1"
      tslib "^2.3.0"
  
  "@aws-sdk/middleware-ssec@3.54.1":
    version "3.54.1"
    resolved "https://registry.yarnpkg.com/@aws-sdk/middleware-ssec/-/middleware-ssec-3.54.1.tgz#01bc98f7e995595aa68a374baf4ae825f7bb6a29"
    integrity sha512-wl7gJS14wO0FJU29Y6PSeB94A2Tmo5Wx1mURs54+XrWIdkVbaVs9XCu7dsF37wWNqm/luQUhKOyTec4WkILCeQ==
    dependencies:
      "@aws-sdk/types" "3.54.1"
      tslib "^2.3.0"
  
  "@aws-sdk/middleware-stack@3.54.1":
    version "3.54.1"
    resolved "https://registry.yarnpkg.com/@aws-sdk/middleware-stack/-/middleware-stack-3.54.1.tgz#7bfcf474ffec4dd63223f408ea35a1d511b76a29"
    integrity sha512-fh9/jzqR181M+53m0lFHf8HvCKrq6Odu+rzFenumnUjAFaFb7368/XjipqFMxfvW0XjbdGJ4UyPds2wcnqh+8Q==
    dependencies:
      tslib "^2.3.0"
  
  "@aws-sdk/middleware-user-agent@3.54.1":
    version "3.54.1"
    resolved "https://registry.yarnpkg.com/@aws-sdk/middleware-user-agent/-/middleware-user-agent-3.54.1.tgz#d8f2e4bd1bc1f29b171e802384e8d6b01652b4a7"
    integrity sha512-EXHLYVzUmw6cRc3M+cz3HzDIH9R/5P6kWuaf0762CiG/kDtLr9ya4k3RbBSLAzR4wxuI58U7/DkA6mG5Dne5oA==
    dependencies:
      "@aws-sdk/protocol-http" "3.54.1"
      "@aws-sdk/types" "3.54.1"
      tslib "^2.3.0"
  
  "@aws-sdk/node-config-provider@3.54.1":
    version "3.54.1"
    resolved "https://registry.yarnpkg.com/@aws-sdk/node-config-provider/-/node-config-provider-3.54.1.tgz#9169bd1a5d96ecf08a33c56b128bf7a93a84bc50"
    integrity sha512-Av9Ucybx4NpfLKAVpfBpH0OYWiJ7Da1RYPWyZ9YTKNGTxSUUuS448ZZ0OcP8QDaiHQV40dXGTJz0LV+WfChH8g==
    dependencies:
      "@aws-sdk/property-provider" "3.54.1"
      "@aws-sdk/shared-ini-file-loader" "3.54.1"
      "@aws-sdk/types" "3.54.1"
      tslib "^2.3.0"
  
  "@aws-sdk/node-http-handler@3.54.1":
    version "3.54.1"
    resolved "https://registry.yarnpkg.com/@aws-sdk/node-http-handler/-/node-http-handler-3.54.1.tgz#bf86cb1ceb932da142d7125ac5ed8b084ab4e212"
    integrity sha512-zY9dIIZXms4WcmpcKJxxBPqPydvUTJA3JAoqpf9Huau/oJ4VHYmQCJ6gohmHq2y2f+H0GOf74/QyngncTrKPwg==
    dependencies:
      "@aws-sdk/abort-controller" "3.54.1"
      "@aws-sdk/protocol-http" "3.54.1"
      "@aws-sdk/querystring-builder" "3.54.1"
      "@aws-sdk/types" "3.54.1"
      tslib "^2.3.0"
  
  "@aws-sdk/property-provider@3.54.1":
    version "3.54.1"
    resolved "https://registry.yarnpkg.com/@aws-sdk/property-provider/-/property-provider-3.54.1.tgz#bd12e60e3a30b611a6818401cd0067fae2ab95e9"
    integrity sha512-9D7jvMwn4hBemhDjsIduxPvPHdmgdnDjLflc3vNaljcurDUHzJVeJb4pRc3h6Fyaha6hzJFihR63IGdjWfrEhQ==
    dependencies:
      "@aws-sdk/types" "3.54.1"
      tslib "^2.3.0"
  
  "@aws-sdk/protocol-http@3.54.1":
    version "3.54.1"
    resolved "https://registry.yarnpkg.com/@aws-sdk/protocol-http/-/protocol-http-3.54.1.tgz#40a1ae8d5ac8ca1c8b96aa79fbede5d70930ded3"
    integrity sha512-2fA8sbFechayTemXogFU3vlllNWYpAI4vE9d3JsIhND2BQHXjv6qrkx9rXWtnALzQbX25D4Rq6Kctu/7hG1jLw==
    dependencies:
      "@aws-sdk/types" "3.54.1"
      tslib "^2.3.0"
  
  "@aws-sdk/querystring-builder@3.54.1":
    version "3.54.1"
    resolved "https://registry.yarnpkg.com/@aws-sdk/querystring-builder/-/querystring-builder-3.54.1.tgz#92c6a0db50e29c2f57f38736b70f026e3ea9a360"
    integrity sha512-8E4qFyKc4JaZZ+Vg7vV7OZx7DoKqNUakVX9/eZn6W3Hu7rrMcYY3M8mHZggP8z+fosRhib7xOcyh483LMZNfvA==
    dependencies:
      "@aws-sdk/types" "3.54.1"
      "@aws-sdk/util-uri-escape" "3.52.0"
      tslib "^2.3.0"
  
  "@aws-sdk/querystring-parser@3.54.1":
    version "3.54.1"
    resolved "https://registry.yarnpkg.com/@aws-sdk/querystring-parser/-/querystring-parser-3.54.1.tgz#bd1bdf89297c07e69f0a2408812088f0981075b0"
    integrity sha512-oqnaGov6PdgS/1lNgkif6EucySMOUAKoNCsABBPItMWAoNmWiDxKIKBlk6xX5s17teP52L/iXAASD/pqeaDmUw==
    dependencies:
      "@aws-sdk/types" "3.54.1"
      tslib "^2.3.0"
  
  "@aws-sdk/s3-presigned-post@^3.54.1":
    version "3.54.1"
    resolved "https://registry.yarnpkg.com/@aws-sdk/s3-presigned-post/-/s3-presigned-post-3.54.1.tgz#7f9f83114a4ff7e3f99976dea2ed576eda1149a2"
    integrity sha512-hJposvsDsq5egk4lt8Pqv+VvTJk3CXcslLgD+i+FTzDY/96kbNJcCnZwiMAyDwThEN6RjmdUhxBF6swYRAol/Q==
    dependencies:
      "@aws-sdk/signature-v4" "3.54.1"
      "@aws-sdk/types" "3.54.1"
      "@aws-sdk/util-format-url" "3.54.1"
      "@aws-sdk/util-hex-encoding" "3.52.0"
      tslib "^2.3.0"
  
  "@aws-sdk/service-error-classification@3.54.1":
    version "3.54.1"
    resolved "https://registry.yarnpkg.com/@aws-sdk/service-error-classification/-/service-error-classification-3.54.1.tgz#650bda3ac2c45a8881e426b880d88733cddb5b03"
    integrity sha512-cOofY2SFZEoPbuoH4I9ZiTMf8bgUz3OOZjLtU/Qv0Efhf7NhNEwsJkG2jgSYac3UkK7tWyz1Jo1Exog+sY7hOQ==
  
  "@aws-sdk/shared-ini-file-loader@3.54.1":
    version "3.54.1"
    resolved "https://registry.yarnpkg.com/@aws-sdk/shared-ini-file-loader/-/shared-ini-file-loader-3.54.1.tgz#5ceb0d23970dc517a0169529918e3f005a6264bf"
    integrity sha512-Vdb75cv9p7dlBAHFD5LdNW9UhAmTdGTsc4RoJNM2vB08WruPJQkQJgE00/f2o1L7B53mvrH+EHbfJXu5l12jWQ==
    dependencies:
      tslib "^2.3.0"
  
  "@aws-sdk/signature-v4@3.54.1":
    version "3.54.1"
    resolved "https://registry.yarnpkg.com/@aws-sdk/signature-v4/-/signature-v4-3.54.1.tgz#6574a4ee9c97481e1a1c7e0f76611f998630ed40"
    integrity sha512-byBH4ovK3BqVxmsWWlZOug2nfWE2t1Hw1r9B4Cn0kIftpHfy3axVBLTQ8czu5b8mbVyq8PnOKPTZ1X6Tzm/LnQ==
    dependencies:
      "@aws-sdk/is-array-buffer" "3.52.0"
      "@aws-sdk/types" "3.54.1"
      "@aws-sdk/util-hex-encoding" "3.52.0"
      "@aws-sdk/util-uri-escape" "3.52.0"
      tslib "^2.3.0"
  
  "@aws-sdk/smithy-client@3.54.1":
    version "3.54.1"
    resolved "https://registry.yarnpkg.com/@aws-sdk/smithy-client/-/smithy-client-3.54.1.tgz#af6f0be051d705e257d8e1818f0d6867f38734a9"
    integrity sha512-OabAnQQLjhdEMafq4KdptxnmvYXz0fNRZQRU/R4M9PmO5KOO9yep+y8R259hME2uV6FtMTBms1qctN9qaryhug==
    dependencies:
      "@aws-sdk/middleware-stack" "3.54.1"
      "@aws-sdk/types" "3.54.1"
      tslib "^2.3.0"
  
  "@aws-sdk/types@3.54.1", "@aws-sdk/types@^3.1.0":
    version "3.54.1"
    resolved "https://registry.yarnpkg.com/@aws-sdk/types/-/types-3.54.1.tgz#2e0337249ee7ddb79b5054858f68c49e7208d910"
    integrity sha512-7JgapyqowaBqhX80ZDxumeLhnyS3Up5ZXn2MljiBwJ2B5mAGomcfFDMDvViJfbKO6pKakopp0iXtPTulH6sIgw==
  
  "@aws-sdk/url-parser@3.54.1":
    version "3.54.1"
    resolved "https://registry.yarnpkg.com/@aws-sdk/url-parser/-/url-parser-3.54.1.tgz#64866b96bef5aa1c81a4c60aea299c2de0c4a4cf"
    integrity sha512-F0d5UokYgbv80CjZtILZ8y4hWPKwh1sk96hOTi07TBFcx6E5dS5Vi1Wm4GsRi4C8D8FeQ5dhw/XBdqCM3+tloQ==
    dependencies:
      "@aws-sdk/querystring-parser" "3.54.1"
      "@aws-sdk/types" "3.54.1"
      tslib "^2.3.0"
  
  "@aws-sdk/util-arn-parser@3.52.0":
    version "3.52.0"
    resolved "https://registry.yarnpkg.com/@aws-sdk/util-arn-parser/-/util-arn-parser-3.52.0.tgz#41378d8c1a81b26599b144a732ccc1d00329e3a9"
    integrity sha512-mMsoYJ70+BGkVpdfQbu942v4fAGzx+pIL8+QnQhzUmcU0HbNkI0vYliMWfzz7ka9CHgbijUI/ANKA319zgKtvA==
    dependencies:
      tslib "^2.3.0"
  
  "@aws-sdk/util-base64-browser@3.52.0":
    version "3.52.0"
    resolved "https://registry.yarnpkg.com/@aws-sdk/util-base64-browser/-/util-base64-browser-3.52.0.tgz#75cea9188b854948bf1229ce4de6df9d92ab572d"
    integrity sha512-xjv/cQ4goWXAiGEC/AIL/GtlHg4p4RkQKs6/zxn9jOxo1OnbppLMJ0LjCtv4/JVYIVGHrx0VJ8Exyod7Ln+NeA==
    dependencies:
      tslib "^2.3.0"
  
  "@aws-sdk/util-base64-node@3.52.0":
    version "3.52.0"
    resolved "https://registry.yarnpkg.com/@aws-sdk/util-base64-node/-/util-base64-node-3.52.0.tgz#bc2000bb743d48973572e3e37849a38c878203b8"
    integrity sha512-V96YIXBuIiVu7Zk72Y9dly7Io9cYOT30Hjf77KAkBeizlFgT5gWklWYGcytPY8FxLuEy4dPLeHRmgwQnlDwgPA==
    dependencies:
      "@aws-sdk/util-buffer-from" "3.52.0"
      tslib "^2.3.0"
  
  "@aws-sdk/util-body-length-browser@3.54.0":
    version "3.54.0"
    resolved "https://registry.yarnpkg.com/@aws-sdk/util-body-length-browser/-/util-body-length-browser-3.54.0.tgz#5fe43e94e7052203072a402f51b3d211352c26d7"
    integrity sha512-hnY9cXbKWJ2Fjb4bK35sFdD4vK+sFe59JtxxI336yYzANulc462LU/J1RgONXYBW60d9iwJ7U+S+9oTJrEH6WQ==
    dependencies:
      tslib "^2.3.0"
  
  "@aws-sdk/util-body-length-node@3.54.0":
    version "3.54.0"
    resolved "https://registry.yarnpkg.com/@aws-sdk/util-body-length-node/-/util-body-length-node-3.54.0.tgz#930878d6ba2309eff13e25ea0abdb2eb0498671b"
    integrity sha512-BBQB3kqHqHQp2GAINJGuse9JBM7hfU0tMp9rfw0nym4C/VRooiJVrIb28tKseLtd7nihXvsZXPvEc2jQBe1Thg==
    dependencies:
      tslib "^2.3.0"
  
  "@aws-sdk/util-buffer-from@3.52.0":
    version "3.52.0"
    resolved "https://registry.yarnpkg.com/@aws-sdk/util-buffer-from/-/util-buffer-from-3.52.0.tgz#3d16e1613c87d25f68cc33f82b43d3d0c7b36b8a"
    integrity sha512-hsG0lMlHjJUFoXIy59QLn6x4QU/vp/e0t3EjdD0t8aymB9iuJ43UeLjYTZdrOgtbWb8MXEF747vwg+P6n+4Lxw==
    dependencies:
      "@aws-sdk/is-array-buffer" "3.52.0"
      tslib "^2.3.0"
  
  "@aws-sdk/util-config-provider@3.52.0":
    version "3.52.0"
    resolved "https://registry.yarnpkg.com/@aws-sdk/util-config-provider/-/util-config-provider-3.52.0.tgz#62a2598d30d3478b4d3e99ff310fd29dba4de5dd"
    integrity sha512-1wonBNkOOLJpMZnz2Kn69ToFgSoTTyGzJInir8WC5sME3zpkb5j41kTuEVbImNJhVv9MKjmGYrMeZbBVniLRPw==
    dependencies:
      tslib "^2.3.0"
  
  "@aws-sdk/util-defaults-mode-browser@3.54.1":
    version "3.54.1"
    resolved "https://registry.yarnpkg.com/@aws-sdk/util-defaults-mode-browser/-/util-defaults-mode-browser-3.54.1.tgz#6fa8558cefe8fe464a1e9b339fd8b065300308c2"
    integrity sha512-914CZu8bGQsl3GV5QEzSOsvIadaMtoRZgFRa5XBPcA1yxdUZh7ZIf0cBBwGSKF2tI8Wupcq1WekJsTbVB+9hfg==
    dependencies:
      "@aws-sdk/property-provider" "3.54.1"
      "@aws-sdk/types" "3.54.1"
      bowser "^2.11.0"
      tslib "^2.3.0"
  
  "@aws-sdk/util-defaults-mode-node@3.54.1":
    version "3.54.1"
    resolved "https://registry.yarnpkg.com/@aws-sdk/util-defaults-mode-node/-/util-defaults-mode-node-3.54.1.tgz#b0e0c5b9c055cae19223ab22f7801a85d42ecb90"
    integrity sha512-PhG9kevfNOBMqiRBWeFt0B2eeou5xmEr/f5JOVg7rNE8INXwJgRilpjG5f3uDYD25tAVUipLzOeGBx4ay0Y/Gw==
    dependencies:
      "@aws-sdk/config-resolver" "3.54.1"
      "@aws-sdk/credential-provider-imds" "3.54.1"
      "@aws-sdk/node-config-provider" "3.54.1"
      "@aws-sdk/property-provider" "3.54.1"
      "@aws-sdk/types" "3.54.1"
      tslib "^2.3.0"
  
  "@aws-sdk/util-format-url@3.54.1":
    version "3.54.1"
    resolved "https://registry.yarnpkg.com/@aws-sdk/util-format-url/-/util-format-url-3.54.1.tgz#708d56938d66650634b45269d74413def91be8a9"
    integrity sha512-aCGVT5oQF6wNOHfv/BGmMzDpPQl/mhLWyd4+BWu9NP0jcoPaC43kKEVlygyBLT26qsc3wfBlee48stbXbuVRtQ==
    dependencies:
      "@aws-sdk/querystring-builder" "3.54.1"
      "@aws-sdk/types" "3.54.1"
      tslib "^2.3.0"
  
  "@aws-sdk/util-hex-encoding@3.52.0":
    version "3.52.0"
    resolved "https://registry.yarnpkg.com/@aws-sdk/util-hex-encoding/-/util-hex-encoding-3.52.0.tgz#62945cbf0107e326c03f9b2c489436186b1d2472"
    integrity sha512-YYMZg8odn/hBURgL/w82ay2mvPqXHMdujlSndT1ddUSTRoZX67N3hfYYf36nOalDOjNcanIvFHe4Fe8nw+8JiA==
    dependencies:
      tslib "^2.3.0"
  
  "@aws-sdk/util-locate-window@^3.0.0":
    version "3.52.0"
    resolved "https://registry.yarnpkg.com/@aws-sdk/util-locate-window/-/util-locate-window-3.52.0.tgz#f6b68e74229a1f5932b43688f3774fbbb47f59d0"
    integrity sha512-l10U2cLko6070A9DYLJG4NMtwYH8JBG2J/E+RH8uY3lad2o6fGEIkJU0jQbWbUeHYLG3IWuCxT47V4gxYrFj7g==
    dependencies:
      tslib "^2.3.0"
  
  "@aws-sdk/util-stream-browser@3.54.1":
    version "3.54.1"
    resolved "https://registry.yarnpkg.com/@aws-sdk/util-stream-browser/-/util-stream-browser-3.54.1.tgz#f0923a50320c85015a619448c08cc575f0321c87"
    integrity sha512-3IJdA/N88LBWpJhTtDxZv/Sk4AxE2Fk9Z4wBUsHVnslbcz1mhJ9WhqXKvjY0kWJK65AH3lTGTdK7ueU39L6AyA==
    dependencies:
      "@aws-sdk/types" "3.54.1"
      tslib "^2.3.0"
  
  "@aws-sdk/util-stream-node@3.54.1":
    version "3.54.1"
    resolved "https://registry.yarnpkg.com/@aws-sdk/util-stream-node/-/util-stream-node-3.54.1.tgz#7603649d70c2ad6c0285b0c833b80d30a577dc47"
    integrity sha512-zAjPi3HrkG1NKalMLvuCi0vBZ4+GA21MxnduL7QcZL3HmQzF3DJiVQsuE3Q/ACqLTU2VNI7+ac/v8xR26dhlKw==
    dependencies:
      "@aws-sdk/types" "3.54.1"
      tslib "^2.3.0"
  
  "@aws-sdk/util-uri-escape@3.52.0":
    version "3.52.0"
    resolved "https://registry.yarnpkg.com/@aws-sdk/util-uri-escape/-/util-uri-escape-3.52.0.tgz#73a3090601465ac90be8113e84bc6037bca54421"
    integrity sha512-W9zw5tE8syjg17jiCYtyF99F0FgDIekQdLg+tQGobw9EtCxlUdg48UYhifPfnjvVyADRX2ntclHF9NmhusOQaQ==
    dependencies:
      tslib "^2.3.0"
  
  "@aws-sdk/util-user-agent-browser@3.54.1":
    version "3.54.1"
    resolved "https://registry.yarnpkg.com/@aws-sdk/util-user-agent-browser/-/util-user-agent-browser-3.54.1.tgz#1707423d2831c7dceaf83ec03c2e4461efab3ac7"
    integrity sha512-T2ZKGurRIZ4te91JBu95L/hhSm9HwPoFT4c0fhHAiwxgdB3AugDsRePOmGHrZxFEQm9j78Nh3Wh52v8QrAR1QQ==
    dependencies:
      "@aws-sdk/types" "3.54.1"
      bowser "^2.11.0"
      tslib "^2.3.0"
  
  "@aws-sdk/util-user-agent-node@3.54.1":
    version "3.54.1"
    resolved "https://registry.yarnpkg.com/@aws-sdk/util-user-agent-node/-/util-user-agent-node-3.54.1.tgz#8efef71afa18e7ecaea90a8fd65a9552f0a5f6d9"
    integrity sha512-C9FYcV8Sqm1tGddphvi2A50oWyD7eeC/4E6VhPM53/XFYLKVCLOmZkSE2VCHFkmt4GCuyIruADDy4GY/eQ2eLw==
    dependencies:
      "@aws-sdk/node-config-provider" "3.54.1"
      "@aws-sdk/types" "3.54.1"
      tslib "^2.3.0"
  
  "@aws-sdk/util-utf8-browser@3.52.0", "@aws-sdk/util-utf8-browser@^3.0.0":
    version "3.52.0"
    resolved "https://registry.yarnpkg.com/@aws-sdk/util-utf8-browser/-/util-utf8-browser-3.52.0.tgz#481421a0626f7c3941fe168aec85d305802faa98"
    integrity sha512-LuOMa9ajWu5fQuYkmvTlQZfHaITkSle+tM/vhbU4JquRN44VUKACjRGT7UEhoU3lCL1BD0JFGMQGHI+5Mmuwfg==
    dependencies:
      tslib "^2.3.0"
  
  "@aws-sdk/util-utf8-node@3.52.0":
    version "3.52.0"
    resolved "https://registry.yarnpkg.com/@aws-sdk/util-utf8-node/-/util-utf8-node-3.52.0.tgz#c352e70127d3c7ed6c9dbbc7880f3cdefd01a521"
    integrity sha512-fujr7zeobZ2y5nnOnQZrCPPc+lCAhtNF/LEVslsQfd+AQ0bYWiosrKNetodQVWlfh10E2+i6/5g+1SBJ5kjsLw==
    dependencies:
      "@aws-sdk/util-buffer-from" "3.52.0"
      tslib "^2.3.0"
  
  "@aws-sdk/util-waiter@3.54.1":
    version "3.54.1"
    resolved "https://registry.yarnpkg.com/@aws-sdk/util-waiter/-/util-waiter-3.54.1.tgz#6a993e1fc1ce15297c2bbe720005c254178c7bc1"
    integrity sha512-VEZmljR/mtCQiD0ZYm5d4Ngtb8iFyTU4ekJ6FYqYkkJ9b9CKpEAcffwBAERuDzHax/TVSOJci5PyGYDdVYd5IA==
    dependencies:
      "@aws-sdk/abort-controller" "3.54.1"
      "@aws-sdk/types" "3.54.1"
      tslib "^2.3.0"
  
  "@aws-sdk/xml-builder@3.52.0":
    version "3.52.0"
    resolved "https://registry.yarnpkg.com/@aws-sdk/xml-builder/-/xml-builder-3.52.0.tgz#6d82405017fb87b5958b4e06693ab7337816614e"
    integrity sha512-GMdcxdwDZuIMlGnewdB48bpj8eqA3nubs3biy6vRFX8zhv8OqD+m5fMinoEwD8/MGqWE3WD7VZlbbdwYtNVWzQ==
    dependencies:
      tslib "^2.3.0"
  
  "@hapi/hoek@^9.0.0":
    version "9.2.1"
    resolved "https://registry.yarnpkg.com/@hapi/hoek/-/hoek-9.2.1.tgz#9551142a1980503752536b5050fd99f4a7f13b17"
    integrity sha512-gfta+H8aziZsm8pZa0vj04KO6biEiisppNgA1kbJvFrrWu9Vm7eaUEy76DIxsuTaWvti5fkJVhllWc6ZTE+Mdw==
  
  "@hapi/topo@^5.0.0":
    version "5.1.0"
    resolved "https://registry.yarnpkg.com/@hapi/topo/-/topo-5.1.0.tgz#dc448e332c6c6e37a4dc02fd84ba8d44b9afb012"
    integrity sha512-foQZKJig7Ob0BMAYBfcJk8d77QtOe7Wo4ox7ff1lQYoNNAb6jwcY1ncdoy2e9wQZzvNy7ODZCYJkK8kzmcAnAg==
    dependencies:
      "@hapi/hoek" "^9.0.0"
  
  "@sideway/address@^4.1.3":
    version "4.1.3"
    resolved "https://registry.yarnpkg.com/@sideway/address/-/address-4.1.3.tgz#d93cce5d45c5daec92ad76db492cc2ee3c64ab27"
    integrity sha512-8ncEUtmnTsMmL7z1YPB47kPUq7LpKWJNFPsRzHiIajGC5uXlWGn+AmkYPcHNl8S4tcEGx+cnORnNYaw2wvL+LQ==
    dependencies:
      "@hapi/hoek" "^9.0.0"
  
  "@sideway/formula@^3.0.0":
    version "3.0.0"
    resolved "https://registry.yarnpkg.com/@sideway/formula/-/formula-3.0.0.tgz#fe158aee32e6bd5de85044be615bc08478a0a13c"
    integrity sha512-vHe7wZ4NOXVfkoRb8T5otiENVlT7a3IAiw7H5M2+GO+9CDgcVUUsX1zalAztCmwyOr2RUTGJdgB+ZvSVqmdHmg==
  
  "@sideway/pinpoint@^2.0.0":
    version "2.0.0"
    resolved "https://registry.yarnpkg.com/@sideway/pinpoint/-/pinpoint-2.0.0.tgz#cff8ffadc372ad29fd3f78277aeb29e632cc70df"
    integrity sha512-RNiOoTPkptFtSVzQevY/yWtZwf/RxyVnPy/OcA9HBM3MlGDnBEYL5B41H0MTn0Uec8Hi+2qUtTfG2WWZBmMejQ==
  
  "@types/body-parser@*":
    version "1.19.2"
    resolved "https://registry.yarnpkg.com/@types/body-parser/-/body-parser-1.19.2.tgz#aea2059e28b7658639081347ac4fab3de166e6f0"
    integrity sha512-ALYone6pm6QmwZoAgeyNksccT9Q4AWZQ6PvfwR37GT6r6FWUPguq6sUmNGSMV2Wr761oQoBxwGGa6DR5o1DC9g==
    dependencies:
      "@types/connect" "*"
      "@types/node" "*"
  
  "@types/connect@*":
    version "3.4.35"
    resolved "https://registry.yarnpkg.com/@types/connect/-/connect-3.4.35.tgz#5fcf6ae445e4021d1fc2219a4873cc73a3bb2ad1"
    integrity sha512-cdeYyv4KWoEgpBISTxWvqYsVy444DOqehiF3fM3ne10AmJ62RSyNkUnxMJXHQWRQQX2eR94m5y1IZyDwBjV9FQ==
    dependencies:
      "@types/node" "*"
  
  "@types/express-serve-static-core@^4.17.18":
    version "4.17.28"
    resolved "https://registry.yarnpkg.com/@types/express-serve-static-core/-/express-serve-static-core-4.17.28.tgz#c47def9f34ec81dc6328d0b1b5303d1ec98d86b8"
    integrity sha512-P1BJAEAW3E2DJUlkgq4tOL3RyMunoWXqbSCygWo5ZIWTjUgN1YnaXWW4VWl/oc8vs/XoYibEGBKP0uZyF4AHig==
    dependencies:
      "@types/node" "*"
      "@types/qs" "*"
      "@types/range-parser" "*"
  
  "@types/express@^4.17.9":
    version "4.17.13"
    resolved "https://registry.yarnpkg.com/@types/express/-/express-4.17.13.tgz#a76e2995728999bab51a33fabce1d705a3709034"
    integrity sha512-6bSZTPaTIACxn48l50SR+axgrqm6qXFIxrdAKaG6PaJk3+zuUr35hBlgT7vOmJcum+OEaIBLtHV/qloEAFITeA==
    dependencies:
      "@types/body-parser" "*"
      "@types/express-serve-static-core" "^4.17.18"
      "@types/qs" "*"
      "@types/serve-static" "*"
  
  "@types/mime@^1":
    version "1.3.2"
    resolved "https://registry.yarnpkg.com/@types/mime/-/mime-1.3.2.tgz#93e25bf9ee75fe0fd80b594bc4feb0e862111b5a"
    integrity sha512-YATxVxgRqNH6nHEIsvg6k2Boc1JHI9ZbH5iWFFv/MTkchz3b1ieGDa5T0a9RznNdI0KhVbdbWSN+KWWrQZRxTw==
  
  "@types/node@*":
    version "17.0.21"
    resolved "https://registry.yarnpkg.com/@types/node/-/node-17.0.21.tgz#864b987c0c68d07b4345845c3e63b75edd143644"
    integrity sha512-DBZCJbhII3r90XbQxI8Y9IjjiiOGlZ0Hr32omXIZvwwZ7p4DMMXGrKXVyPfuoBOri9XNtL0UK69jYIBIsRX3QQ==
  
  "@types/node@^14.14.20":
    version "14.18.12"
    resolved "https://registry.yarnpkg.com/@types/node/-/node-14.18.12.tgz#0d4557fd3b94497d793efd4e7d92df2f83b4ef24"
    integrity sha512-q4jlIR71hUpWTnGhXWcakgkZeHa3CCjcQcnuzU8M891BAWA2jHiziiWEPEkdS5pFsz7H9HJiy8BrK7tBRNrY7A==
  
  "@types/qs@*":
    version "6.9.7"
    resolved "https://registry.yarnpkg.com/@types/qs/-/qs-6.9.7.tgz#63bb7d067db107cc1e457c303bc25d511febf6cb"
    integrity sha512-FGa1F62FT09qcrueBA6qYTrJPVDzah9a+493+o2PCXsesWHIn27G98TsSMs3WPNbZIEj4+VJf6saSFpvD+3Zsw==
  
  "@types/range-parser@*":
    version "1.2.4"
    resolved "https://registry.yarnpkg.com/@types/range-parser/-/range-parser-1.2.4.tgz#cd667bcfdd025213aafb7ca5915a932590acdcdc"
    integrity sha512-EEhsLsD6UsDM1yFhAvy0Cjr6VwmpMWqFBCb9w07wVugF7w9nfajxLuVmngTIpgS6svCnm6Vaw+MZhoDCKnOfsw==
  
  "@types/serve-static@*":
    version "1.13.10"
    resolved "https://registry.yarnpkg.com/@types/serve-static/-/serve-static-1.13.10.tgz#f5e0ce8797d2d7cc5ebeda48a52c96c4fa47a8d9"
    integrity sha512-nCkHGI4w7ZgAdNkrEu0bv+4xNV/XDqW+DydknebMOQwkpDGx8G+HTlj7R7ABI8i8nKxVw0wtKPi1D+lPOkh4YQ==
    dependencies:
      "@types/mime" "^1"
      "@types/node" "*"
  
  "@types/webidl-conversions@*":
    version "6.1.1"
    resolved "https://registry.yarnpkg.com/@types/webidl-conversions/-/webidl-conversions-6.1.1.tgz#e33bc8ea812a01f63f90481c666334844b12a09e"
    integrity sha512-XAahCdThVuCFDQLT7R7Pk/vqeObFNL3YqRyFZg+AqAP/W1/w3xHaIxuW7WszQqTbIBOPRcItYJIou3i/mppu3Q==
  
  "@types/whatwg-url@^8.2.1":
    version "8.2.1"
    resolved "https://registry.yarnpkg.com/@types/whatwg-url/-/whatwg-url-8.2.1.tgz#f1aac222dab7c59e011663a0cb0a3117b2ef05d4"
    integrity sha512-2YubE1sjj5ifxievI5Ge1sckb9k/Er66HyR2c+3+I6VDUUg1TLPdYYTEbQ+DjRkS4nTxMJhgWfSfMRD2sl2EYQ==
    dependencies:
      "@types/node" "*"
      "@types/webidl-conversions" "*"
  
  abort-controller@^3.0.0:
    version "3.0.0"
    resolved "https://registry.yarnpkg.com/abort-controller/-/abort-controller-3.0.0.tgz#eaf54d53b62bae4138e809ca225c8439a6efb392"
    integrity sha512-h8lQ8tacZYnR3vNQTgibj+tODHI5/+l06Au2Pcriv/Gmet0eaj4TwWH41sO9wnHDiQsEj19q0drzdWdeAHtweg==
    dependencies:
      event-target-shim "^5.0.0"
  
  accepts@~1.3.8:
    version "1.3.8"
    resolved "https://registry.yarnpkg.com/accepts/-/accepts-1.3.8.tgz#0bf0be125b67014adcb0b0921e62db7bffe16b2e"
    integrity sha512-PYAthTa2m2VKxuvSD3DPC/Gy+U+sOA1LAuT8mkmRuvw+NACSaeXEQ+NHcVF7rONl6qcaxV3Uuemwawk+7+SJLw==
    dependencies:
      mime-types "~2.1.34"
      negotiator "0.6.3"
  
  agent-base@6:
    version "6.0.2"
    resolved "https://registry.yarnpkg.com/agent-base/-/agent-base-6.0.2.tgz#49fff58577cfee3f37176feab4c22e00f86d7f77"
    integrity sha512-RZNwNclF7+MS/8bDg70amg32dyeZGZxiDuQmZxKLAlQjr3jGyLx+4Kkk58UO7D2QdgFIQCovuSuZESne6RG6XQ==
    dependencies:
      debug "4"
  
  ansi-regex@^5.0.1:
    version "5.0.1"
    resolved "https://registry.yarnpkg.com/ansi-regex/-/ansi-regex-5.0.1.tgz#082cb2c89c9fe8659a311a53bd6a4dc5301db304"
    integrity sha512-quJQXlTSUGL2LH9SUXo8VwsY4soanhgo6LNSm84E1LBcE8s3O0wpdiRzyR9z/ZZJMlMWv37qOOb9pdJlMUEKFQ==
  
  ansi-styles@^4.0.0, ansi-styles@^4.1.0:
    version "4.3.0"
    resolved "https://registry.yarnpkg.com/ansi-styles/-/ansi-styles-4.3.0.tgz#edd803628ae71c04c85ae7a0906edad34b648937"
    integrity sha512-zbB9rCJAT1rbjiVDb2hqKFHNYLxgtk8NURxZ3IZwD3F6NtxbXZQCnnSi1Lkx+IDohdPlFp222wVALIheZJQSEg==
    dependencies:
      color-convert "^2.0.1"
  
  arg@^4.1.0:
    version "4.1.3"
    resolved "https://registry.yarnpkg.com/arg/-/arg-4.1.3.tgz#269fc7ad5b8e42cb63c896d5666017261c144089"
    integrity sha512-58S9QDqG0Xx27YwPSt9fJxivjYl432YCwfDMfZ+71RAqUrZef7LrKQZ3LHLOwCS4FLNBplP533Zx895SeOCHvA==
  
  array-flatten@1.1.1:
    version "1.1.1"
    resolved "https://registry.yarnpkg.com/array-flatten/-/array-flatten-1.1.1.tgz#9a5f699051b1e7073328f2a008968b64ea2955d2"
    integrity sha1-ml9pkFGx5wczKPKgCJaLZOopVdI=
  
  arrify@^2.0.0:
    version "2.0.1"
    resolved "https://registry.yarnpkg.com/arrify/-/arrify-2.0.1.tgz#c9655e9331e0abcd588d2a7cad7e9956f66701fa"
    integrity sha512-3duEwti880xqi4eAMN8AyR4a0ByT90zoYdLlevfrvU43vb0YZwZVfxOgxWrLXXXpyugL0hNZc9G6BiB5B3nUug==
  
  base64-js@^1.3.0, base64-js@^1.3.1:
    version "1.5.1"
    resolved "https://registry.yarnpkg.com/base64-js/-/base64-js-1.5.1.tgz#1b1b440160a5bf7ad40b650f095963481903930a"
    integrity sha512-AKpaYlHn8t4SVbOHCy+b5+KKgvR4vrsD8vbvrbiQJps7fKDTkjkDry6ji0rUJjC0kzbNePLwzxq8iypo41qeWA==
  
  basic-auth@~2.0.1:
    version "2.0.1"
    resolved "https://registry.yarnpkg.com/basic-auth/-/basic-auth-2.0.1.tgz#b998279bf47ce38344b4f3cf916d4679bbf51e3a"
    integrity sha512-NF+epuEdnUYVlGuhaxbbq+dvJttwLnGY+YixlXlME5KpQ5W3CnXA5cVTneY3SPbPDRkcjMbifrwmFYcClgOZeg==
    dependencies:
      safe-buffer "5.1.2"
  
  bcryptjs@^2.4.3:
    version "2.4.3"
    resolved "https://registry.yarnpkg.com/bcryptjs/-/bcryptjs-2.4.3.tgz#9ab5627b93e60621ff7cdac5da9733027df1d0cb"
    integrity sha1-mrVie5PmBiH/fNrF2pczAn3x0Ms=
  
  bignumber.js@^9.0.0:
    version "9.0.2"
    resolved "https://registry.yarnpkg.com/bignumber.js/-/bignumber.js-9.0.2.tgz#71c6c6bed38de64e24a65ebe16cfcf23ae693673"
    integrity sha512-GAcQvbpsM0pUb0zw1EI0KhQEZ+lRwR5fYaAp3vPOYuP7aDvGy6cVN6XHLauvF8SOga2y0dcLcjt3iQDTSEliyw==
  
  body-parser@1.19.2:
    version "1.19.2"
    resolved "https://registry.yarnpkg.com/body-parser/-/body-parser-1.19.2.tgz#4714ccd9c157d44797b8b5607d72c0b89952f26e"
    integrity sha512-SAAwOxgoCKMGs9uUAUFHygfLAyaniaoun6I8mFY9pRAJL9+Kec34aU+oIjDhTycub1jozEfEwx1W1IuOYxVSFw==
    dependencies:
      bytes "3.1.2"
      content-type "~1.0.4"
      debug "2.6.9"
      depd "~1.1.2"
      http-errors "1.8.1"
      iconv-lite "0.4.24"
      on-finished "~2.3.0"
      qs "6.9.7"
      raw-body "2.4.3"
      type-is "~1.6.18"
  
  bowser@^2.11.0:
    version "2.11.0"
    resolved "https://registry.yarnpkg.com/bowser/-/bowser-2.11.0.tgz#5ca3c35757a7aa5771500c70a73a9f91ef420a8f"
    integrity sha512-AlcaJBi/pqqJBIQ8U9Mcpc9i8Aqxn88Skv5d+xBX006BY5u8N3mGLHa5Lgppa7L/HfwgwLgZ6NYs+Ag6uUmJRA==
  
  bson@^4.2.2, bson@^4.6.1:
    version "4.6.1"
    resolved "https://registry.yarnpkg.com/bson/-/bson-4.6.1.tgz#2b5da517539bb0f7f3ffb54ac70a384ca899641c"
    integrity sha512-I1LQ7Hz5zgwR4QquilLNZwbhPw0Apx7i7X9kGMBTsqPdml/03Q9NBtD9nt/19ahjlphktQImrnderxqpzeVDjw==
    dependencies:
      buffer "^5.6.0"
  
  buffer-equal-constant-time@1.0.1:
    version "1.0.1"
    resolved "https://registry.yarnpkg.com/buffer-equal-constant-time/-/buffer-equal-constant-time-1.0.1.tgz#f8e71132f7ffe6e01a5c9697a4c6f3e48d5cc819"
    integrity sha1-+OcRMvf/5uAaXJaXpMbz5I1cyBk=
  
  buffer-from@^1.0.0:
    version "1.1.2"
    resolved "https://registry.yarnpkg.com/buffer-from/-/buffer-from-1.1.2.tgz#2b146a6fd72e80b4f55d255f35ed59a3a9a41bd5"
    integrity sha512-E+XQCRwSbaaiChtv6k6Dwgc+bx+Bs6vuKJHHl5kox/BaKbhiXzqQOwK4cO22yElGp2OCmjwVhT3HmxgyPGnJfQ==
  
  buffer@^5.6.0:
    version "5.7.1"
    resolved "https://registry.yarnpkg.com/buffer/-/buffer-5.7.1.tgz#ba62e7c13133053582197160851a8f648e99eed0"
    integrity sha512-EHcyIPBQ4BSGlvjB16k5KgAJ27CIsHY/2JBmCRReo48y9rQ3MaUzWX3KVlBa4U7MyX02HdVj0K7C3WaB3ju7FQ==
    dependencies:
      base64-js "^1.3.1"
      ieee754 "^1.1.13"
  
  bytes@3.1.2:
    version "3.1.2"
    resolved "https://registry.yarnpkg.com/bytes/-/bytes-3.1.2.tgz#8b0beeb98605adf1b128fa4386403c009e0221a5"
    integrity sha512-/Nf7TyzTx6S3yRJObOAV7956r8cr2+Oj8AC5dt8wSP3BQAoeX58NoHyCU8P8zGkNXStjTSi6fzO6F0pBdcYbEg==
  
  chalk@^4.1.0:
    version "4.1.2"
    resolved "https://registry.yarnpkg.com/chalk/-/chalk-4.1.2.tgz#aac4e2b7734a740867aeb16bf02aad556a1e7a01"
    integrity sha512-oKnbhFyRIXpUuez8iBMmyEa4nbj4IOQyuhc/wy9kY7/WVPcwIO9VA668Pu8RkO7+0G76SLROeyw9CpQ061i4mA==
    dependencies:
      ansi-styles "^4.1.0"
      supports-color "^7.1.0"
  
  cliui@^7.0.2:
    version "7.0.4"
    resolved "https://registry.yarnpkg.com/cliui/-/cliui-7.0.4.tgz#a0265ee655476fc807aea9df3df8df7783808b4f"
    integrity sha512-OcRE68cOsVMXp1Yvonl/fzkQOyjLSu/8bhPDfQt0e0/Eb283TKP20Fs2MqoPsr9SwA595rRCA+QMzYc9nBP+JQ==
    dependencies:
      string-width "^4.2.0"
      strip-ansi "^6.0.0"
      wrap-ansi "^7.0.0"
  
  color-convert@^2.0.1:
    version "2.0.1"
    resolved "https://registry.yarnpkg.com/color-convert/-/color-convert-2.0.1.tgz#72d3a68d598c9bdb3af2ad1e84f21d896abd4de3"
    integrity sha512-RRECPsj7iu/xb5oKYcsFHSppFNnsj/52OVTRKb4zP5onXwVF3zVmmToNcOfGC+CRDpfK/U584fMg38ZHCaElKQ==
    dependencies:
      color-name "~1.1.4"
  
  color-name@~1.1.4:
    version "1.1.4"
    resolved "https://registry.yarnpkg.com/color-name/-/color-name-1.1.4.tgz#c2a09a87acbde69543de6f63fa3995c826c536a2"
    integrity sha512-dOy+3AuW3a2wNbZHIuMZpTcgjGuLU/uBL/ubcZF9OXbDo8ff4O8yVp5Bf0efS8uEoYo5q4Fx7dY9OgQGXgAsQA==
  
  concurrently@^7.0.0:
    version "7.0.0"
    resolved "https://registry.yarnpkg.com/concurrently/-/concurrently-7.0.0.tgz#78d31b441cec338dab03316c221a2f9a67c529b0"
    integrity sha512-WKM7PUsI8wyXpF80H+zjHP32fsgsHNQfPLw/e70Z5dYkV7hF+rf8q3D+ScWJIEr57CpkO3OWBko6hwhQLPR8Pw==
    dependencies:
      chalk "^4.1.0"
      date-fns "^2.16.1"
      lodash "^4.17.21"
      rxjs "^6.6.3"
      spawn-command "^0.0.2-1"
      supports-color "^8.1.0"
      tree-kill "^1.2.2"
      yargs "^16.2.0"
  
  content-disposition@0.5.4:
    version "0.5.4"
    resolved "https://registry.yarnpkg.com/content-disposition/-/content-disposition-0.5.4.tgz#8b82b4efac82512a02bb0b1dcec9d2c5e8eb5bfe"
    integrity sha512-FveZTNuGw04cxlAiWbzi6zTAL/lhehaWbTtgluJh4/E95DqMwTmha3KZN1aAWA8cFIhHzMZUvLevkw5Rqk+tSQ==
    dependencies:
      safe-buffer "5.2.1"
  
  content-type@~1.0.4:
    version "1.0.4"
    resolved "https://registry.yarnpkg.com/content-type/-/content-type-1.0.4.tgz#e138cc75e040c727b1966fe5e5f8c9aee256fe3b"
    integrity sha512-hIP3EEPs8tB9AT1L+NUqtwOAps4mk2Zob89MWXMHjHWg9milF/j4osnnQLXBCBFBk/tvIG/tUc9mOUJiPBhPXA==
  
  cookie-signature@1.0.6:
    version "1.0.6"
    resolved "https://registry.yarnpkg.com/cookie-signature/-/cookie-signature-1.0.6.tgz#e303a882b342cc3ee8ca513a79999734dab3ae2c"
    integrity sha1-4wOogrNCzD7oylE6eZmXNNqzriw=
  
  cookie@0.4.2:
    version "0.4.2"
    resolved "https://registry.yarnpkg.com/cookie/-/cookie-0.4.2.tgz#0e41f24de5ecf317947c82fc789e06a884824432"
    integrity sha512-aSWTXFzaKWkvHO1Ny/s+ePFpvKsPnjc551iI41v3ny/ow6tBG5Vd+FuqGNhh1LxOmVzOlGUriIlOaokOvhaStA==
  
  cors@^2.8.5:
    version "2.8.5"
    resolved "https://registry.yarnpkg.com/cors/-/cors-2.8.5.tgz#eac11da51592dd86b9f06f6e7ac293b3df875d29"
    integrity sha512-KIHbLJqu73RGr/hnbrO9uBeixNGuvSQjul/jdFvS/KFSIH1hWVd1ng7zOHx+YrEfInLG7q4n6GHQ9cDtxv/P6g==
    dependencies:
      object-assign "^4"
      vary "^1"
  
  create-require@^1.1.0:
    version "1.1.1"
    resolved "https://registry.yarnpkg.com/create-require/-/create-require-1.1.1.tgz#c1d7e8f1e5f6cfc9ff65f9cd352d37348756c333"
    integrity sha512-dcKFX3jn0MpIaXjisoRvexIJVEKzaq7z2rZKxf+MSr9TkdmHmsU4m2lcLojrj/FHl8mk5VxMmYA+ftRkP/3oKQ==
  
  date-fns@^2.16.1:
    version "2.28.0"
    resolved "https://registry.yarnpkg.com/date-fns/-/date-fns-2.28.0.tgz#9570d656f5fc13143e50c975a3b6bbeb46cd08b2"
    integrity sha512-8d35hViGYx/QH0icHYCeLmsLmMUheMmTyV9Fcm6gvNwdw31yXXH+O85sOBJ+OLnLQMKZowvpKb6FgMIQjcpvQw==
  
  debug@2.6.9:
    version "2.6.9"
    resolved "https://registry.yarnpkg.com/debug/-/debug-2.6.9.tgz#5d128515df134ff327e90a4c93f4e077a536341f"
    integrity sha512-bC7ElrdJaJnPbAP+1EotYvqZsb3ecl5wi6Bfi6BJTUcNowp6cvspg0jXznRTKDjm/E7AdgFBVeAPVMNcKGsHMA==
    dependencies:
      ms "2.0.0"
  
  debug@4, debug@4.x:
    version "4.3.3"
    resolved "https://registry.yarnpkg.com/debug/-/debug-4.3.3.tgz#04266e0b70a98d4462e6e288e38259213332b664"
    integrity sha512-/zxw5+vh1Tfv+4Qn7a5nsbcJKPaSvCDhojn6FEl9vupwK2VCSDtEiEtqr8DFtzYFOdz63LBkxec7DYuc2jon6Q==
    dependencies:
      ms "2.1.2"
  
  denque@^2.0.1:
    version "2.0.1"
    resolved "https://registry.yarnpkg.com/denque/-/denque-2.0.1.tgz#bcef4c1b80dc32efe97515744f21a4229ab8934a"
    integrity sha512-tfiWc6BQLXNLpNiR5iGd0Ocu3P3VpxfzFiqubLgMfhfOw9WyvgJBd46CClNn9k3qfbjvT//0cf7AlYRX/OslMQ==
  
  depd@~1.1.2:
    version "1.1.2"
    resolved "https://registry.yarnpkg.com/depd/-/depd-1.1.2.tgz#9bcd52e14c097763e749b274c4346ed2e560b5a9"
    integrity sha1-m81S4UwJd2PnSbJ0xDRu0uVgtak=
  
  depd@~2.0.0:
    version "2.0.0"
    resolved "https://registry.yarnpkg.com/depd/-/depd-2.0.0.tgz#b696163cc757560d09cf22cc8fad1571b79e76df"
    integrity sha512-g7nH6P6dyDioJogAAGprGpCtVImJhpPk/roCzdb3fIh61/s/nPsfR6onyMwkCAR/OlC3yBC0lESvUoQEAssIrw==
  
  destroy@~1.0.4:
    version "1.0.4"
    resolved "https://registry.yarnpkg.com/destroy/-/destroy-1.0.4.tgz#978857442c44749e4206613e37946205826abd80"
    integrity sha1-l4hXRCxEdJ5CBmE+N5RiBYJqvYA=
  
  diff@^4.0.1:
    version "4.0.2"
    resolved "https://registry.yarnpkg.com/diff/-/diff-4.0.2.tgz#60f3aecb89d5fae520c11aa19efc2bb982aade7d"
    integrity sha512-58lmxKSA4BNyLz+HHMUzlOEpg09FV+ev6ZMe3vJihgdxzgcwZ8VoEEPmALCZG9LmqfVoNMMKpttIYTVG6uDY7A==
  
  dotenv@^16.0.0:
    version "16.0.0"
    resolved "https://registry.yarnpkg.com/dotenv/-/dotenv-16.0.0.tgz#c619001253be89ebb638d027b609c75c26e47411"
    integrity sha512-qD9WU0MPM4SWLPJy/r2Be+2WgQj8plChsyrCNQzW/0WjvcJQiKQJ9mH3ZgB3fxbUUxgc/11ZJ0Fi5KiimWGz2Q==
  
  ecdsa-sig-formatter@1.0.11, ecdsa-sig-formatter@^1.0.11:
    version "1.0.11"
    resolved "https://registry.yarnpkg.com/ecdsa-sig-formatter/-/ecdsa-sig-formatter-1.0.11.tgz#ae0f0fa2d85045ef14a817daa3ce9acd0489e5bf"
    integrity sha512-nagl3RYrbNv6kQkeJIpt6NJZy8twLB/2vtz6yN9Z4vRKHN4/QZJIEbqohALSgwKdnksuY3k5Addp5lg8sVoVcQ==
    dependencies:
      safe-buffer "^5.0.1"
  
  ee-first@1.1.1:
    version "1.1.1"
    resolved "https://registry.yarnpkg.com/ee-first/-/ee-first-1.1.1.tgz#590c61156b0ae2f4f0255732a158b266bc56b21d"
    integrity sha1-WQxhFWsK4vTwJVcyoViyZrxWsh0=
  
  emoji-regex@^8.0.0:
    version "8.0.0"
    resolved "https://registry.yarnpkg.com/emoji-regex/-/emoji-regex-8.0.0.tgz#e818fd69ce5ccfcb404594f842963bf53164cc37"
    integrity sha512-MSjYzcWNOA0ewAHpz0MxpYFvwg6yjy1NG3xteoqz644VCo/RPgnr1/GGt+ic3iJTzQ8Eu3TdM14SawnVUmGE6A==
  
  encodeurl@~1.0.2:
    version "1.0.2"
    resolved "https://registry.yarnpkg.com/encodeurl/-/encodeurl-1.0.2.tgz#ad3ff4c86ec2d029322f5a02c3a9a606c95b3f59"
    integrity sha1-rT/0yG7C0CkyL1oCw6mmBslbP1k=
  
  entities@2.2.0:
    version "2.2.0"
    resolved "https://registry.yarnpkg.com/entities/-/entities-2.2.0.tgz#098dc90ebb83d8dffa089d55256b351d34c4da55"
    integrity sha512-p92if5Nz619I0w+akJrLZH0MX0Pb5DX39XOwQTtXSdQQOaYH03S1uIQp4mhOZtAXrxq4ViO67YTiLBo2638o9A==
  
  escalade@^3.1.1:
    version "3.1.1"
    resolved "https://registry.yarnpkg.com/escalade/-/escalade-3.1.1.tgz#d8cfdc7000965c5a0174b4a82eaa5c0552742e40"
    integrity sha512-k0er2gUkLf8O0zKJiAhmkTnJlTvINGv7ygDNPbeIsX/TJjGJZHuh9B2UxbsaEkmlEo9MfhrSzmhIlhRlI2GXnw==
  
  escape-html@~1.0.3:
    version "1.0.3"
    resolved "https://registry.yarnpkg.com/escape-html/-/escape-html-1.0.3.tgz#0258eae4d3d0c0974de1c169188ef0051d1d1988"
    integrity sha1-Aljq5NPQwJdN4cFpGI7wBR0dGYg=
  
  etag@~1.8.1:
    version "1.8.1"
    resolved "https://registry.yarnpkg.com/etag/-/etag-1.8.1.tgz#41ae2eeb65efa62268aebfea83ac7d79299b0887"
    integrity sha1-Qa4u62XvpiJorr/qg6x9eSmbCIc=
  
  event-target-shim@^5.0.0:
    version "5.0.1"
    resolved "https://registry.yarnpkg.com/event-target-shim/-/event-target-shim-5.0.1.tgz#5d4d3ebdf9583d63a5333ce2deb7480ab2b05789"
    integrity sha512-i/2XbnSz/uxRCU6+NdVJgKWDTM427+MqYbkQzD321DuCQJUqOuJKIA0IM2+W2xtYHdKOmZ4dR6fExsd4SXL+WQ==
  
  express@^4.17.3:
    version "4.17.3"
    resolved "https://registry.yarnpkg.com/express/-/express-4.17.3.tgz#f6c7302194a4fb54271b73a1fe7a06478c8f85a1"
    integrity sha512-yuSQpz5I+Ch7gFrPCk4/c+dIBKlQUxtgwqzph132bsT6qhuzss6I8cLJQz7B3rFblzd6wtcI0ZbGltH/C4LjUg==
    dependencies:
      accepts "~1.3.8"
      array-flatten "1.1.1"
      body-parser "1.19.2"
      content-disposition "0.5.4"
      content-type "~1.0.4"
      cookie "0.4.2"
      cookie-signature "1.0.6"
      debug "2.6.9"
      depd "~1.1.2"
      encodeurl "~1.0.2"
      escape-html "~1.0.3"
      etag "~1.8.1"
      finalhandler "~1.1.2"
      fresh "0.5.2"
      merge-descriptors "1.0.1"
      methods "~1.1.2"
      on-finished "~2.3.0"
      parseurl "~1.3.3"
      path-to-regexp "0.1.7"
      proxy-addr "~2.0.7"
      qs "6.9.7"
      range-parser "~1.2.1"
      safe-buffer "5.2.1"
      send "0.17.2"
      serve-static "1.14.2"
      setprototypeof "1.2.0"
      statuses "~1.5.0"
      type-is "~1.6.18"
      utils-merge "1.0.1"
      vary "~1.1.2"
  
  extend@^3.0.2:
    version "3.0.2"
    resolved "https://registry.yarnpkg.com/extend/-/extend-3.0.2.tgz#f8b1136b4071fbd8eb140aff858b1019ec2915fa"
    integrity sha512-fjquC59cD7CyW6urNXK0FBufkZcoiGG80wTuPujX590cB5Ttln20E2UB4S/WARVqhXffZl2LNgS+gQdPIIim/g==
  
  fast-text-encoding@^1.0.0:
    version "1.0.3"
    resolved "https://registry.yarnpkg.com/fast-text-encoding/-/fast-text-encoding-1.0.3.tgz#ec02ac8e01ab8a319af182dae2681213cfe9ce53"
    integrity sha512-dtm4QZH9nZtcDt8qJiOH9fcQd1NAgi+K1O2DbE6GG1PPCK/BWfOH3idCTRQ4ImXRUOyopDEgDEnVEE7Y/2Wrig==
  
  fast-xml-parser@3.19.0:
    version "3.19.0"
    resolved "https://registry.yarnpkg.com/fast-xml-parser/-/fast-xml-parser-3.19.0.tgz#cb637ec3f3999f51406dd8ff0e6fc4d83e520d01"
    integrity sha512-4pXwmBplsCPv8FOY1WRakF970TjNGnGnfbOnLqjlYvMiF1SR3yOHyxMR/YCXpPTOspNF5gwudqktIP4VsWkvBg==
  
  finalhandler@~1.1.2:
    version "1.1.2"
    resolved "https://registry.yarnpkg.com/finalhandler/-/finalhandler-1.1.2.tgz#b7e7d000ffd11938d0fdb053506f6ebabe9f587d"
    integrity sha512-aAWcW57uxVNrQZqFXjITpW3sIUQmHGG3qSb9mUah9MgMC4NeWhNOlNjXEYq3HjRAvL6arUviZGGJsBg6z0zsWA==
    dependencies:
      debug "2.6.9"
      encodeurl "~1.0.2"
      escape-html "~1.0.3"
      on-finished "~2.3.0"
      parseurl "~1.3.3"
      statuses "~1.5.0"
      unpipe "~1.0.0"
  
  forwarded@0.2.0:
    version "0.2.0"
    resolved "https://registry.yarnpkg.com/forwarded/-/forwarded-0.2.0.tgz#2269936428aad4c15c7ebe9779a84bf0b2a81811"
    integrity sha512-buRG0fpBtRHSTCOASe6hD258tEubFoRLb4ZNA6NxMVHNw2gOcwHo9wyablzMzOA5z9xA9L1KNjk/Nt6MT9aYow==
  
  fresh@0.5.2:
    version "0.5.2"
    resolved "https://registry.yarnpkg.com/fresh/-/fresh-0.5.2.tgz#3d8cadd90d976569fa835ab1f8e4b23a105605a7"
    integrity sha1-PYyt2Q2XZWn6g1qx+OSyOhBWBac=
  
  gaxios@^4.0.0:
    version "4.3.2"
    resolved "https://registry.yarnpkg.com/gaxios/-/gaxios-4.3.2.tgz#845827c2dc25a0213c8ab4155c7a28910f5be83f"
    integrity sha512-T+ap6GM6UZ0c4E6yb1y/hy2UB6hTrqhglp3XfmU9qbLCGRYhLVV5aRPpC4EmoG8N8zOnkYCgoBz+ScvGAARY6Q==
    dependencies:
      abort-controller "^3.0.0"
      extend "^3.0.2"
      https-proxy-agent "^5.0.0"
      is-stream "^2.0.0"
      node-fetch "^2.6.1"
  
  gcp-metadata@^4.2.0:
    version "4.3.1"
    resolved "https://registry.yarnpkg.com/gcp-metadata/-/gcp-metadata-4.3.1.tgz#fb205fe6a90fef2fd9c85e6ba06e5559ee1eefa9"
    integrity sha512-x850LS5N7V1F3UcV7PoupzGsyD6iVwTVvsh3tbXfkctZnBnjW5yu5z1/3k3SehF7TyoTIe78rJs02GMMy+LF+A==
    dependencies:
      gaxios "^4.0.0"
      json-bigint "^1.0.0"
  
  get-caller-file@^2.0.5:
    version "2.0.5"
    resolved "https://registry.yarnpkg.com/get-caller-file/-/get-caller-file-2.0.5.tgz#4f94412a82db32f36e3b0b9741f8a97feb031f7e"
    integrity sha512-DyFP3BM/3YHTQOCUL/w0OZHR0lpKeGrxotcHWcqNEdnltqFwXVfhEBQ94eIo34AfQpo0rGki4cyIiftY06h2Fg==
  
  google-auth-library@^7.14.0:
    version "7.14.0"
    resolved "https://registry.yarnpkg.com/google-auth-library/-/google-auth-library-7.14.0.tgz#9d6a20592f7b4d4c463cd3e93934c4b1711d5dc6"
    integrity sha512-or8r7qUqGVI3W8lVSdPh0ZpeFyQHeE73g5c0p+bLNTTUFXJ+GSeDQmZRZ2p4H8cF/RJYa4PNvi/A1ar1uVNLFA==
    dependencies:
      arrify "^2.0.0"
      base64-js "^1.3.0"
      ecdsa-sig-formatter "^1.0.11"
      fast-text-encoding "^1.0.0"
      gaxios "^4.0.0"
      gcp-metadata "^4.2.0"
      gtoken "^5.0.4"
      jws "^4.0.0"
      lru-cache "^6.0.0"
  
  google-p12-pem@^3.1.3:
    version "3.1.3"
    resolved "https://registry.yarnpkg.com/google-p12-pem/-/google-p12-pem-3.1.3.tgz#5497998798ee86c2fc1f4bb1f92b7729baf37537"
    integrity sha512-MC0jISvzymxePDVembypNefkAQp+DRP7dBE+zNUPaIjEspIlYg0++OrsNr248V9tPbz6iqtZ7rX1hxWA5B8qBQ==
    dependencies:
      node-forge "^1.0.0"
  
  graphql@^16.3.0:
    version "16.3.0"
    resolved "https://registry.yarnpkg.com/graphql/-/graphql-16.3.0.tgz#a91e24d10babf9e60c706919bb182b53ccdffc05"
    integrity sha512-xm+ANmA16BzCT5pLjuXySbQVFwH3oJctUVdy81w1sV0vBU0KgDdBGtxQOUd5zqOBk/JayAFeG8Dlmeq74rjm/A==
  
  gtoken@^5.0.4:
    version "5.3.2"
    resolved "https://registry.yarnpkg.com/gtoken/-/gtoken-5.3.2.tgz#deb7dc876abe002178e0515e383382ea9446d58f"
    integrity sha512-gkvEKREW7dXWF8NV8pVrKfW7WqReAmjjkMBh6lNCCGOM4ucS0r0YyXXl0r/9Yj8wcW/32ISkfc8h5mPTDbtifQ==
    dependencies:
      gaxios "^4.0.0"
      google-p12-pem "^3.1.3"
      jws "^4.0.0"
  
  has-flag@^4.0.0:
    version "4.0.0"
    resolved "https://registry.yarnpkg.com/has-flag/-/has-flag-4.0.0.tgz#944771fd9c81c81265c4d6941860da06bb59479b"
    integrity sha512-EykJT/Q1KjTWctppgIAgfSO0tKVuZUjhgMr17kqTumMl6Afv3EISleU7qZUzoXDFTAHTDC4NOoG/ZxU3EvlMPQ==
  
  http-errors@1.8.1:
    version "1.8.1"
    resolved "https://registry.yarnpkg.com/http-errors/-/http-errors-1.8.1.tgz#7c3f28577cbc8a207388455dbd62295ed07bd68c"
    integrity sha512-Kpk9Sm7NmI+RHhnj6OIWDI1d6fIoFAtFt9RLaTMRlg/8w49juAStsrBgp0Dp4OdxdVbRIeKhtCUvoi/RuAhO4g==
    dependencies:
      depd "~1.1.2"
      inherits "2.0.4"
      setprototypeof "1.2.0"
      statuses ">= 1.5.0 < 2"
      toidentifier "1.0.1"
  
  https-proxy-agent@^5.0.0:
    version "5.0.0"
    resolved "https://registry.yarnpkg.com/https-proxy-agent/-/https-proxy-agent-5.0.0.tgz#e2a90542abb68a762e0a0850f6c9edadfd8506b2"
    integrity sha512-EkYm5BcKUGiduxzSt3Eppko+PiNWNEpa4ySk9vTC6wDsQJW9rHSa+UhGNJoRYp7bz6Ht1eaRIa6QaJqO5rCFbA==
    dependencies:
      agent-base "6"
      debug "4"
  
  iconv-lite@0.4.24:
    version "0.4.24"
    resolved "https://registry.yarnpkg.com/iconv-lite/-/iconv-lite-0.4.24.tgz#2022b4b25fbddc21d2f524974a474aafe733908b"
    integrity sha512-v3MXnZAcvnywkTUEZomIActle7RXXeedOR31wwl7VlyoXO4Qi9arvSenNQWne1TcRwhCL1HwLI21bEqdpj8/rA==
    dependencies:
      safer-buffer ">= 2.1.2 < 3"
  
  ieee754@^1.1.13:
    version "1.2.1"
    resolved "https://registry.yarnpkg.com/ieee754/-/ieee754-1.2.1.tgz#8eb7a10a63fff25d15a57b001586d177d1b0d352"
    integrity sha512-dcyqhDvX1C46lXZcVqCpK+FtMRQVdIMN6/Df5js2zouUsqG7I6sFxitIC+7KYK29KdXOLHdu9zL4sFnoVQnqaA==
  
  inherits@2.0.4:
    version "2.0.4"
    resolved "https://registry.yarnpkg.com/inherits/-/inherits-2.0.4.tgz#0fa2c64f932917c3433a0ded55363aae37416b7c"
    integrity sha512-k/vGaX4/Yla3WzyMCvTQOXYeIHvqOKtnqBduzTHpzpQZzAskKMhZ2K+EnBiSM9zGSoIFeMpXKxa4dYeZIQqewQ==
  
  ip@^1.1.5:
    version "1.1.5"
    resolved "https://registry.yarnpkg.com/ip/-/ip-1.1.5.tgz#bdded70114290828c0a039e72ef25f5aaec4354a"
    integrity sha1-vd7XARQpCCjAoDnnLvJfWq7ENUo=
  
  ipaddr.js@1.9.1:
    version "1.9.1"
    resolved "https://registry.yarnpkg.com/ipaddr.js/-/ipaddr.js-1.9.1.tgz#bff38543eeb8984825079ff3a2a8e6cbd46781b3"
    integrity sha512-0KI/607xoxSToH7GjN1FfSbLoU0+btTicjsQSWQlh/hZykN8KpmMf7uYwPW3R+akZ6R/w18ZlXSHBYXiYUPO3g==
  
  is-fullwidth-code-point@^3.0.0:
    version "3.0.0"
    resolved "https://registry.yarnpkg.com/is-fullwidth-code-point/-/is-fullwidth-code-point-3.0.0.tgz#f116f8064fe90b3f7844a38997c0b75051269f1d"
    integrity sha512-zymm5+u+sCsSWyD9qNaejV3DFvhCKclKdizYaJUuHA83RLjb7nSuGnddCHGv0hk+KY7BMAlsWeK4Ueg6EV6XQg==
  
  is-stream@^2.0.0:
    version "2.0.1"
    resolved "https://registry.yarnpkg.com/is-stream/-/is-stream-2.0.1.tgz#fac1e3d53b97ad5a9d0ae9cef2389f5810a5c077"
    integrity sha512-hFoiJiTl63nn+kstHGBtewWSKnQLpyb155KHheA1l39uvtO9nWIop1p3udqPcUd/xbF1VLMO4n7OI6p7RbngDg==
  
  joi@^17.6.0:
    version "17.6.0"
    resolved "https://registry.yarnpkg.com/joi/-/joi-17.6.0.tgz#0bb54f2f006c09a96e75ce687957bd04290054b2"
    integrity sha512-OX5dG6DTbcr/kbMFj0KGYxuew69HPcAE3K/sZpEV2nP6e/j/C0HV+HNiBPCASxdx5T7DMoa0s8UeHWMnb6n2zw==
    dependencies:
      "@hapi/hoek" "^9.0.0"
      "@hapi/topo" "^5.0.0"
      "@sideway/address" "^4.1.3"
      "@sideway/formula" "^3.0.0"
      "@sideway/pinpoint" "^2.0.0"
  
  json-bigint@^1.0.0:
    version "1.0.0"
    resolved "https://registry.yarnpkg.com/json-bigint/-/json-bigint-1.0.0.tgz#ae547823ac0cad8398667f8cd9ef4730f5b01ff1"
    integrity sha512-SiPv/8VpZuWbvLSMtTDU8hEfrZWg/mH/nV/b4o0CYbSxu1UIQPLdwKOCIyLQX+VIPO5vrLX3i8qtqFyhdPSUSQ==
    dependencies:
      bignumber.js "^9.0.0"
  
  jsonwebtoken@^8.5.1:
    version "8.5.1"
    resolved "https://registry.yarnpkg.com/jsonwebtoken/-/jsonwebtoken-8.5.1.tgz#00e71e0b8df54c2121a1f26137df2280673bcc0d"
    integrity sha512-XjwVfRS6jTMsqYs0EsuJ4LGxXV14zQybNd4L2r0UvbVnSF9Af8x7p5MzbJ90Ioz/9TI41/hTCvznF/loiSzn8w==
    dependencies:
      jws "^3.2.2"
      lodash.includes "^4.3.0"
      lodash.isboolean "^3.0.3"
      lodash.isinteger "^4.0.4"
      lodash.isnumber "^3.0.3"
      lodash.isplainobject "^4.0.6"
      lodash.isstring "^4.0.1"
      lodash.once "^4.0.0"
      ms "^2.1.1"
      semver "^5.6.0"
  
  jwa@^1.4.1:
    version "1.4.1"
    resolved "https://registry.yarnpkg.com/jwa/-/jwa-1.4.1.tgz#743c32985cb9e98655530d53641b66c8645b039a"
    integrity sha512-qiLX/xhEEFKUAJ6FiBMbes3w9ATzyk5W7Hvzpa/SLYdxNtng+gcurvrI7TbACjIXlsJyr05/S1oUhZrc63evQA==
    dependencies:
      buffer-equal-constant-time "1.0.1"
      ecdsa-sig-formatter "1.0.11"
      safe-buffer "^5.0.1"
  
  jwa@^2.0.0:
    version "2.0.0"
    resolved "https://registry.yarnpkg.com/jwa/-/jwa-2.0.0.tgz#a7e9c3f29dae94027ebcaf49975c9345593410fc"
    integrity sha512-jrZ2Qx916EA+fq9cEAeCROWPTfCwi1IVHqT2tapuqLEVVDKFDENFw1oL+MwrTvH6msKxsd1YTDVw6uKEcsrLEA==
    dependencies:
      buffer-equal-constant-time "1.0.1"
      ecdsa-sig-formatter "1.0.11"
      safe-buffer "^5.0.1"
  
  jws@^3.2.2:
    version "3.2.2"
    resolved "https://registry.yarnpkg.com/jws/-/jws-3.2.2.tgz#001099f3639468c9414000e99995fa52fb478304"
    integrity sha512-YHlZCB6lMTllWDtSPHz/ZXTsi8S00usEV6v1tjq8tOUZzw7DpSDWVXjXDre6ed1w/pd495ODpHZYSdkRTsa0HA==
    dependencies:
      jwa "^1.4.1"
      safe-buffer "^5.0.1"
  
  jws@^4.0.0:
    version "4.0.0"
    resolved "https://registry.yarnpkg.com/jws/-/jws-4.0.0.tgz#2d4e8cf6a318ffaa12615e9dec7e86e6c97310f4"
    integrity sha512-KDncfTmOZoOMTFG4mBlG0qUIOlc03fmzH+ru6RgYVZhPkyiy/92Owlt/8UEN+a4TXR1FQetfIpJE8ApdvdVxTg==
    dependencies:
      jwa "^2.0.0"
      safe-buffer "^5.0.1"
  
  kareem@2.3.4:
    version "2.3.4"
    resolved "https://registry.yarnpkg.com/kareem/-/kareem-2.3.4.tgz#b38c436fb4758775d919b2828b4009db59b52694"
    integrity sha512-Vcrt8lcpVl0s8ePx634BxwRqmFo+5DcOhlmNadehxreMTIQi/9hOL/B3hZQQbK5DgMS7Lem3xABXV7/S3jy+7g==
  
  lodash.includes@^4.3.0:
    version "4.3.0"
    resolved "https://registry.yarnpkg.com/lodash.includes/-/lodash.includes-4.3.0.tgz#60bb98a87cb923c68ca1e51325483314849f553f"
    integrity sha1-YLuYqHy5I8aMoeUTJUgzFISfVT8=
  
  lodash.isboolean@^3.0.3:
    version "3.0.3"
    resolved "https://registry.yarnpkg.com/lodash.isboolean/-/lodash.isboolean-3.0.3.tgz#6c2e171db2a257cd96802fd43b01b20d5f5870f6"
    integrity sha1-bC4XHbKiV82WgC/UOwGyDV9YcPY=
  
  lodash.isinteger@^4.0.4:
    version "4.0.4"
    resolved "https://registry.yarnpkg.com/lodash.isinteger/-/lodash.isinteger-4.0.4.tgz#619c0af3d03f8b04c31f5882840b77b11cd68343"
    integrity sha1-YZwK89A/iwTDH1iChAt3sRzWg0M=
  
  lodash.isnumber@^3.0.3:
    version "3.0.3"
    resolved "https://registry.yarnpkg.com/lodash.isnumber/-/lodash.isnumber-3.0.3.tgz#3ce76810c5928d03352301ac287317f11c0b1ffc"
    integrity sha1-POdoEMWSjQM1IwGsKHMX8RwLH/w=
  
  lodash.isplainobject@^4.0.6:
    version "4.0.6"
    resolved "https://registry.yarnpkg.com/lodash.isplainobject/-/lodash.isplainobject-4.0.6.tgz#7c526a52d89b45c45cc690b88163be0497f550cb"
    integrity sha1-fFJqUtibRcRcxpC4gWO+BJf1UMs=
  
  lodash.isstring@^4.0.1:
    version "4.0.1"
    resolved "https://registry.yarnpkg.com/lodash.isstring/-/lodash.isstring-4.0.1.tgz#d527dfb5456eca7cc9bb95d5daeaf88ba54a5451"
    integrity sha1-1SfftUVuynzJu5XV2ur4i6VKVFE=
  
  lodash.once@^4.0.0:
    version "4.1.1"
    resolved "https://registry.yarnpkg.com/lodash.once/-/lodash.once-4.1.1.tgz#0dd3971213c7c56df880977d504c88fb471a97ac"
    integrity sha1-DdOXEhPHxW34gJd9UEyI+0cal6w=
  
  lodash@^4.17.21:
    version "4.17.21"
    resolved "https://registry.yarnpkg.com/lodash/-/lodash-4.17.21.tgz#679591c564c3bffaae8454cf0b3df370c3d6911c"
    integrity sha512-v2kDEe57lecTulaDIuNTPy3Ry4gLGJ6Z1O3vE1krgXZNrsQ+LFTGHVxVjcXPs17LhbZVGedAJv8XZ1tvj5FvSg==
  
  lru-cache@^6.0.0:
    version "6.0.0"
    resolved "https://registry.yarnpkg.com/lru-cache/-/lru-cache-6.0.0.tgz#6d6fe6570ebd96aaf90fcad1dafa3b2566db3a94"
    integrity sha512-Jo6dJ04CmSjuznwJSS3pUeWmd/H0ffTlkXXgwZi+eq1UCmqQwCh+eLsYOYCwY991i2Fah4h1BEMCx4qThGbsiA==
    dependencies:
      yallist "^4.0.0"
  
  make-error@^1.1.1:
    version "1.3.6"
    resolved "https://registry.yarnpkg.com/make-error/-/make-error-1.3.6.tgz#2eb2e37ea9b67c4891f684a1394799af484cf7a2"
    integrity sha512-s8UhlNe7vPKomQhC1qFelMokr/Sc3AgNbso3n74mVPA5LTZwkB9NlXf4XPamLxJE8h0gh73rM94xvwRT2CVInw==
  
  media-typer@0.3.0:
    version "0.3.0"
    resolved "https://registry.yarnpkg.com/media-typer/-/media-typer-0.3.0.tgz#8710d7af0aa626f8fffa1ce00168545263255748"
    integrity sha1-hxDXrwqmJvj/+hzgAWhUUmMlV0g=
  
  memory-pager@^1.0.2:
    version "1.5.0"
    resolved "https://registry.yarnpkg.com/memory-pager/-/memory-pager-1.5.0.tgz#d8751655d22d384682741c972f2c3d6dfa3e66b5"
    integrity sha512-ZS4Bp4r/Zoeq6+NLJpP+0Zzm0pR8whtGPf1XExKLJBAczGMnSi3It14OiNCStjQjM6NU1okjQGSxgEZN8eBYKg==
  
  merge-descriptors@1.0.1:
    version "1.0.1"
    resolved "https://registry.yarnpkg.com/merge-descriptors/-/merge-descriptors-1.0.1.tgz#b00aaa556dd8b44568150ec9d1b953f3f90cbb61"
    integrity sha1-sAqqVW3YtEVoFQ7J0blT8/kMu2E=
  
  methods@~1.1.2:
    version "1.1.2"
    resolved "https://registry.yarnpkg.com/methods/-/methods-1.1.2.tgz#5529a4d67654134edcc5266656835b0f851afcee"
    integrity sha1-VSmk1nZUE07cxSZmVoNbD4Ua/O4=
  
  mime-db@1.52.0:
    version "1.52.0"
    resolved "https://registry.yarnpkg.com/mime-db/-/mime-db-1.52.0.tgz#bbabcdc02859f4987301c856e3387ce5ec43bf70"
    integrity sha512-sPU4uV7dYlvtWJxwwxHD0PuihVNiE7TyAbQ5SWxDCB9mUYvOgroQOwYQQOKPJ8CIbE+1ETVlOoK1UC2nU3gYvg==
  
  mime-types@~2.1.24, mime-types@~2.1.34:
    version "2.1.35"
    resolved "https://registry.yarnpkg.com/mime-types/-/mime-types-2.1.35.tgz#381a871b62a734450660ae3deee44813f70d959a"
    integrity sha512-ZDY+bPm5zTTF+YpCrAU9nK0UgICYPT0QtT1NZWFv4s++TNkcgVaT0g6+4R2uI4MjQjzysHB1zxuWL50hzaeXiw==
    dependencies:
      mime-db "1.52.0"
  
  mime@1.6.0:
    version "1.6.0"
    resolved "https://registry.yarnpkg.com/mime/-/mime-1.6.0.tgz#32cd9e5c64553bd58d19a568af452acff04981b1"
    integrity sha512-x0Vn8spI+wuJ1O6S7gnbaQg8Pxh4NNHb7KSINmEWKiPE4RKOplvijn+NkmYmmRgP68mc70j2EbeTFRsrswaQeg==
  
  mongodb-connection-string-url@^2.4.1:
    version "2.5.2"
    resolved "https://registry.yarnpkg.com/mongodb-connection-string-url/-/mongodb-connection-string-url-2.5.2.tgz#f075c8d529e8d3916386018b8a396aed4f16e5ed"
    integrity sha512-tWDyIG8cQlI5k3skB6ywaEA5F9f5OntrKKsT/Lteub2zgwSUlhqEN2inGgBTm8bpYJf8QYBdA/5naz65XDpczA==
    dependencies:
      "@types/whatwg-url" "^8.2.1"
      whatwg-url "^11.0.0"
  
  mongodb@4.3.1:
    version "4.3.1"
    resolved "https://registry.yarnpkg.com/mongodb/-/mongodb-4.3.1.tgz#e346f76e421ec6f47ddea5c8f5140e6181aaeb94"
    integrity sha512-sNa8APSIk+r4x31ZwctKjuPSaeKuvUeNb/fu/3B6dRM02HpEgig7hTHM8A/PJQTlxuC/KFWlDlQjhsk/S43tBg==
    dependencies:
      bson "^4.6.1"
      denque "^2.0.1"
      mongodb-connection-string-url "^2.4.1"
      socks "^2.6.1"
    optionalDependencies:
      saslprep "^1.0.3"
  
  mongoose@^6.2.3:
    version "6.2.7"
    resolved "https://registry.yarnpkg.com/mongoose/-/mongoose-6.2.7.tgz#d8ea2fce4c19200d316c3ac4a8377f3af4fb4450"
    integrity sha512-yqTZcM3u0+aLzl6cirtXy6vr24kt+kFyTucCQ3pyncvO1jGn/M1R09qkC/v54QoPXeVJdpcuS5eQWn0NLlDvKA==
    dependencies:
      bson "^4.2.2"
      kareem "2.3.4"
      mongodb "4.3.1"
      mpath "0.8.4"
      mquery "4.0.2"
      ms "2.1.3"
      sift "16.0.0"
  
  morgan@^1.10.0:
    version "1.10.0"
    resolved "https://registry.yarnpkg.com/morgan/-/morgan-1.10.0.tgz#091778abc1fc47cd3509824653dae1faab6b17d7"
    integrity sha512-AbegBVI4sh6El+1gNwvD5YIck7nSA36weD7xvIxG4in80j/UoK8AEGaWnnz8v1GxonMCltmlNs5ZKbGvl9b1XQ==
    dependencies:
      basic-auth "~2.0.1"
      debug "2.6.9"
      depd "~2.0.0"
      on-finished "~2.3.0"
      on-headers "~1.0.2"
  
  mpath@0.8.4:
    version "0.8.4"
    resolved "https://registry.yarnpkg.com/mpath/-/mpath-0.8.4.tgz#6b566d9581621d9e931dd3b142ed3618e7599313"
    integrity sha512-DTxNZomBcTWlrMW76jy1wvV37X/cNNxPW1y2Jzd4DZkAaC5ZGsm8bfGfNOthcDuRJujXLqiuS6o3Tpy0JEoh7g==
  
  mquery@4.0.2:
    version "4.0.2"
    resolved "https://registry.yarnpkg.com/mquery/-/mquery-4.0.2.tgz#a13add5ecd7c2e5a67e0f814b3c7acdfb6772804"
    integrity sha512-oAVF0Nil1mT3rxty6Zln4YiD6x6QsUWYz927jZzjMxOK2aqmhEz5JQ7xmrKK7xRFA2dwV+YaOpKU/S+vfNqKxA==
    dependencies:
      debug "4.x"
  
  ms@2.0.0:
    version "2.0.0"
    resolved "https://registry.yarnpkg.com/ms/-/ms-2.0.0.tgz#5608aeadfc00be6c2901df5f9861788de0d597c8"
    integrity sha1-VgiurfwAvmwpAd9fmGF4jeDVl8g=
  
  ms@2.1.2:
    version "2.1.2"
    resolved "https://registry.yarnpkg.com/ms/-/ms-2.1.2.tgz#d09d1f357b443f493382a8eb3ccd183872ae6009"
    integrity sha512-sGkPx+VjMtmA6MX27oA4FBFELFCZZ4S4XqeGOXCv68tT+jb3vk/RyaKWP0PTKyWtmLSM0b+adUTEvbs1PEaH2w==
  
  ms@2.1.3, ms@^2.1.1:
    version "2.1.3"
    resolved "https://registry.yarnpkg.com/ms/-/ms-2.1.3.tgz#574c8138ce1d2b5861f0b44579dbadd60c6615b2"
    integrity sha512-6FlzubTLZG3J2a/NVCAleEhjzq5oxgHyaCU9yYXvcLsvoVaHJq/s5xXI6/XXP6tz7R9xAOtHnSO/tXtF3WRTlA==
  
  negotiator@0.6.3:
    version "0.6.3"
    resolved "https://registry.yarnpkg.com/negotiator/-/negotiator-0.6.3.tgz#58e323a72fedc0d6f9cd4d31fe49f51479590ccd"
    integrity sha512-+EUsqGPLsM+j/zdChZjsnX51g4XrHFOIXwfnCVPGlQk/k5giakcKsuxCObBRu6DSm9opw/O6slWbJdghQM4bBg==
  
  node-fetch@^2.6.1:
    version "2.6.7"
    resolved "https://registry.yarnpkg.com/node-fetch/-/node-fetch-2.6.7.tgz#24de9fba827e3b4ae44dc8b20256a379160052ad"
    integrity sha512-ZjMPFEfVx5j+y2yF35Kzx5sF7kDzxuDj6ziH4FFbOp87zKDZNx8yExJIb05OGF4Nlt9IHFIMBkRl41VdvcNdbQ==
    dependencies:
      whatwg-url "^5.0.0"
  
  node-forge@^1.0.0:
    version "1.2.1"
    resolved "https://registry.yarnpkg.com/node-forge/-/node-forge-1.2.1.tgz#82794919071ef2eb5c509293325cec8afd0fd53c"
    integrity sha512-Fcvtbb+zBcZXbTTVwqGA5W+MKBj56UjVRevvchv5XrcyXbmNdesfZL37nlcWOfpgHhgmxApw3tQbTr4CqNmX4w==
  
  object-assign@^4:
    version "4.1.1"
    resolved "https://registry.yarnpkg.com/object-assign/-/object-assign-4.1.1.tgz#2109adc7965887cfc05cbbd442cac8bfbb360863"
    integrity sha1-IQmtx5ZYh8/AXLvUQsrIv7s2CGM=
  
  on-finished@~2.3.0:
    version "2.3.0"
    resolved "https://registry.yarnpkg.com/on-finished/-/on-finished-2.3.0.tgz#20f1336481b083cd75337992a16971aa2d906947"
    integrity sha1-IPEzZIGwg811M3mSoWlxqi2QaUc=
    dependencies:
      ee-first "1.1.1"
  
  on-headers@~1.0.2:
    version "1.0.2"
    resolved "https://registry.yarnpkg.com/on-headers/-/on-headers-1.0.2.tgz#772b0ae6aaa525c399e489adfad90c403eb3c28f"
    integrity sha512-pZAE+FJLoyITytdqK0U5s+FIpjN0JP3OzFi/u8Rx+EV5/W+JTWGXG8xFzevE7AjBfDqHv/8vL8qQsIhHnqRkrA==
  
  parseurl@~1.3.3:
    version "1.3.3"
    resolved "https://registry.yarnpkg.com/parseurl/-/parseurl-1.3.3.tgz#9da19e7bee8d12dff0513ed5b76957793bc2e8d4"
    integrity sha512-CiyeOxFT/JZyN5m0z9PfXw4SCBJ6Sygz1Dpl0wqjlhDEGGBP1GnsUVEL0p63hoG1fcj3fHynXi9NYO4nWOL+qQ==
  
  path-to-regexp@0.1.7:
    version "0.1.7"
    resolved "https://registry.yarnpkg.com/path-to-regexp/-/path-to-regexp-0.1.7.tgz#df604178005f522f15eb4490e7247a1bfaa67f8c"
    integrity sha1-32BBeABfUi8V60SQ5yR6G/qmf4w=
  
  proxy-addr@~2.0.7:
    version "2.0.7"
    resolved "https://registry.yarnpkg.com/proxy-addr/-/proxy-addr-2.0.7.tgz#f19fe69ceab311eeb94b42e70e8c2070f9ba1025"
    integrity sha512-llQsMLSUDUPT44jdrU/O37qlnifitDP+ZwrmmZcoSKyLKvtZxpyV0n2/bD/N4tBAAZ/gJEdZU7KMraoK1+XYAg==
    dependencies:
      forwarded "0.2.0"
      ipaddr.js "1.9.1"
  
  punycode@^2.1.1:
    version "2.1.1"
    resolved "https://registry.yarnpkg.com/punycode/-/punycode-2.1.1.tgz#b58b010ac40c22c5657616c8d2c2c02c7bf479ec"
    integrity sha512-XRsRjdf+j5ml+y/6GKHPZbrF/8p2Yga0JPtdqTIY2Xe5ohJPD9saDJJLPvp9+NSBprVvevdXZybnj2cv8OEd0A==
  
  qs@6.9.7:
    version "6.9.7"
    resolved "https://registry.yarnpkg.com/qs/-/qs-6.9.7.tgz#4610846871485e1e048f44ae3b94033f0e675afe"
    integrity sha512-IhMFgUmuNpyRfxA90umL7ByLlgRXu6tIfKPpF5TmcfRLlLCckfP/g3IQmju6jjpu+Hh8rA+2p6A27ZSPOOHdKw==
  
  range-parser@~1.2.1:
    version "1.2.1"
    resolved "https://registry.yarnpkg.com/range-parser/-/range-parser-1.2.1.tgz#3cf37023d199e1c24d1a55b84800c2f3e6468031"
    integrity sha512-Hrgsx+orqoygnmhFbKaHE6c296J+HTAQXoxEF6gNupROmmGJRoyzfG3ccAveqCBrwr/2yxQ5BVd/GTl5agOwSg==
  
  raw-body@2.4.3:
    version "2.4.3"
    resolved "https://registry.yarnpkg.com/raw-body/-/raw-body-2.4.3.tgz#8f80305d11c2a0a545c2d9d89d7a0286fcead43c"
    integrity sha512-UlTNLIcu0uzb4D2f4WltY6cVjLi+/jEN4lgEUj3E04tpMDpUlkBo/eSn6zou9hum2VMNpCCUone0O0WeJim07g==
    dependencies:
      bytes "3.1.2"
      http-errors "1.8.1"
      iconv-lite "0.4.24"
      unpipe "1.0.0"
  
  require-directory@^2.1.1:
    version "2.1.1"
    resolved "https://registry.yarnpkg.com/require-directory/-/require-directory-2.1.1.tgz#8c64ad5fd30dab1c976e2344ffe7f792a6a6df42"
    integrity sha1-jGStX9MNqxyXbiNE/+f3kqam30I=
  
  rxjs@^6.6.3:
    version "6.6.7"
    resolved "https://registry.yarnpkg.com/rxjs/-/rxjs-6.6.7.tgz#90ac018acabf491bf65044235d5863c4dab804c9"
    integrity sha512-hTdwr+7yYNIT5n4AMYp85KA6yw2Va0FLa3Rguvbpa4W3I5xynaBZo41cM3XM+4Q6fRMj3sBYIR1VAmZMXYJvRQ==
    dependencies:
      tslib "^1.9.0"
  
  safe-buffer@5.1.2:
    version "5.1.2"
    resolved "https://registry.yarnpkg.com/safe-buffer/-/safe-buffer-5.1.2.tgz#991ec69d296e0313747d59bdfd2b745c35f8828d"
    integrity sha512-Gd2UZBJDkXlY7GbJxfsE8/nvKkUEU1G38c1siN6QP6a9PT9MmHB8GnpscSmMJSoF8LOIrt8ud/wPtojys4G6+g==
  
  safe-buffer@5.2.1, safe-buffer@^5.0.1:
    version "5.2.1"
    resolved "https://registry.yarnpkg.com/safe-buffer/-/safe-buffer-5.2.1.tgz#1eaf9fa9bdb1fdd4ec75f58f9cdb4e6b7827eec6"
    integrity sha512-rp3So07KcdmmKbGvgaNxQSJr7bGVSVk5S9Eq1F+ppbRo70+YeaDxkw5Dd8NPN+GD6bjnYm2VuPuCXmpuYvmCXQ==
  
  "safer-buffer@>= 2.1.2 < 3":
    version "2.1.2"
    resolved "https://registry.yarnpkg.com/safer-buffer/-/safer-buffer-2.1.2.tgz#44fa161b0187b9549dd84bb91802f9bd8385cd6a"
    integrity sha512-YZo3K82SD7Riyi0E1EQPojLz7kpepnSQI9IyPbHHg1XXXevb5dJI7tpyN2ADxGcQbHG7vcyRHk0cbwqcQriUtg==
  
  saslprep@^1.0.3:
    version "1.0.3"
    resolved "https://registry.yarnpkg.com/saslprep/-/saslprep-1.0.3.tgz#4c02f946b56cf54297e347ba1093e7acac4cf226"
    integrity sha512-/MY/PEMbk2SuY5sScONwhUDsV2p77Znkb/q3nSVstq/yQzYJOH/Azh29p9oJLsl3LnQwSvZDKagDGBsBwSooag==
    dependencies:
      sparse-bitfield "^3.0.3"
  
  semver@^5.6.0:
    version "5.7.1"
    resolved "https://registry.yarnpkg.com/semver/-/semver-5.7.1.tgz#a954f931aeba508d307bbf069eff0c01c96116f7"
    integrity sha512-sauaDf/PZdVgrLTNYHRtpXa1iRiKcaebiKQ1BJdpQlWH2lCvexQdX55snPFyK7QzpudqbCI0qXFfOasHdyNDGQ==
  
  send@0.17.2:
    version "0.17.2"
    resolved "https://registry.yarnpkg.com/send/-/send-0.17.2.tgz#926622f76601c41808012c8bf1688fe3906f7820"
    integrity sha512-UJYB6wFSJE3G00nEivR5rgWp8c2xXvJ3OPWPhmuteU0IKj8nKbG3DrjiOmLwpnHGYWAVwA69zmTm++YG0Hmwww==
    dependencies:
      debug "2.6.9"
      depd "~1.1.2"
      destroy "~1.0.4"
      encodeurl "~1.0.2"
      escape-html "~1.0.3"
      etag "~1.8.1"
      fresh "0.5.2"
      http-errors "1.8.1"
      mime "1.6.0"
      ms "2.1.3"
      on-finished "~2.3.0"
      range-parser "~1.2.1"
      statuses "~1.5.0"
  
  serve-static@1.14.2:
    version "1.14.2"
    resolved "https://registry.yarnpkg.com/serve-static/-/serve-static-1.14.2.tgz#722d6294b1d62626d41b43a013ece4598d292bfa"
    integrity sha512-+TMNA9AFxUEGuC0z2mevogSnn9MXKb4fa7ngeRMJaaGv8vTwnIEkKi+QGvPt33HSnf8pRS+WGM0EbMtCJLKMBQ==
    dependencies:
      encodeurl "~1.0.2"
      escape-html "~1.0.3"
      parseurl "~1.3.3"
      send "0.17.2"
  
  setprototypeof@1.2.0:
    version "1.2.0"
    resolved "https://registry.yarnpkg.com/setprototypeof/-/setprototypeof-1.2.0.tgz#66c9a24a73f9fc28cbe66b09fed3d33dcaf1b424"
    integrity sha512-E5LDX7Wrp85Kil5bhZv46j8jOeboKq5JMmYM3gVGdGH8xFpPWXUMsNrlODCrkoxMEeNi/XZIwuRvY4XNwYMJpw==
  
  sift@16.0.0:
    version "16.0.0"
    resolved "https://registry.yarnpkg.com/sift/-/sift-16.0.0.tgz#447991577db61f1a8fab727a8a98a6db57a23eb8"
    integrity sha512-ILTjdP2Mv9V1kIxWMXeMTIRbOBrqKc4JAXmFMnFq3fKeyQ2Qwa3Dw1ubcye3vR+Y6ofA0b9gNDr/y2t6eUeIzQ==
  
  smart-buffer@^4.2.0:
    version "4.2.0"
    resolved "https://registry.yarnpkg.com/smart-buffer/-/smart-buffer-4.2.0.tgz#6e1d71fa4f18c05f7d0ff216dd16a481d0e8d9ae"
    integrity sha512-94hK0Hh8rPqQl2xXc3HsaBoOXKV20MToPkcXvwbISWLEs+64sBq5kFgn2kJDHb1Pry9yrP0dxrCI9RRci7RXKg==
  
  socks@^2.6.1:
    version "2.6.2"
    resolved "https://registry.yarnpkg.com/socks/-/socks-2.6.2.tgz#ec042d7960073d40d94268ff3bb727dc685f111a"
    integrity sha512-zDZhHhZRY9PxRruRMR7kMhnf3I8hDs4S3f9RecfnGxvcBHQcKcIH/oUcEWffsfl1XxdYlA7nnlGbbTvPz9D8gA==
    dependencies:
      ip "^1.1.5"
      smart-buffer "^4.2.0"
  
  source-map-support@^0.5.17:
    version "0.5.21"
    resolved "https://registry.yarnpkg.com/source-map-support/-/source-map-support-0.5.21.tgz#04fe7c7f9e1ed2d662233c28cb2b35b9f63f6e4f"
    integrity sha512-uBHU3L3czsIyYXKX88fdrGovxdSCoTGDRZ6SYXtSRxLZUzHg5P/66Ht6uoUlHu9EZod+inXhKo3qQgwXUT/y1w==
    dependencies:
      buffer-from "^1.0.0"
      source-map "^0.6.0"
  
  source-map@^0.6.0:
    version "0.6.1"
    resolved "https://registry.yarnpkg.com/source-map/-/source-map-0.6.1.tgz#74722af32e9614e9c287a8d0bbde48b5e2f1a263"
    integrity sha512-UjgapumWlbMhkBgzT7Ykc5YXUT46F0iKu8SGXq0bcwP5dz/h0Plj6enJqjz1Zbq2l5WaqYnrVbwWOWMyF3F47g==
  
  sparse-bitfield@^3.0.3:
    version "3.0.3"
    resolved "https://registry.yarnpkg.com/sparse-bitfield/-/sparse-bitfield-3.0.3.tgz#ff4ae6e68656056ba4b3e792ab3334d38273ca11"
    integrity sha1-/0rm5oZWBWuks+eSqzM004JzyhE=
    dependencies:
      memory-pager "^1.0.2"
  
  spawn-command@^0.0.2-1:
    version "0.0.2-1"
    resolved "https://registry.yarnpkg.com/spawn-command/-/spawn-command-0.0.2-1.tgz#62f5e9466981c1b796dc5929937e11c9c6921bd0"
    integrity sha1-YvXpRmmBwbeW3Fkpk34RycaSG9A=
  
  "statuses@>= 1.5.0 < 2", statuses@~1.5.0:
    version "1.5.0"
    resolved "https://registry.yarnpkg.com/statuses/-/statuses-1.5.0.tgz#161c7dac177659fd9811f43771fa99381478628c"
    integrity sha1-Fhx9rBd2Wf2YEfQ3cfqZOBR4Yow=
  
  string-width@^4.1.0, string-width@^4.2.0:
    version "4.2.3"
    resolved "https://registry.yarnpkg.com/string-width/-/string-width-4.2.3.tgz#269c7117d27b05ad2e536830a8ec895ef9c6d010"
    integrity sha512-wKyQRQpjJ0sIp62ErSZdGsjMJWsap5oRNihHhu6G7JVO/9jIB6UyevL+tXuOqrng8j/cxKTWyWUwvSTriiZz/g==
    dependencies:
      emoji-regex "^8.0.0"
      is-fullwidth-code-point "^3.0.0"
      strip-ansi "^6.0.1"
  
  strip-ansi@^6.0.0, strip-ansi@^6.0.1:
    version "6.0.1"
    resolved "https://registry.yarnpkg.com/strip-ansi/-/strip-ansi-6.0.1.tgz#9e26c63d30f53443e9489495b2105d37b67a85d9"
    integrity sha512-Y38VPSHcqkFrCpFnQ9vuSXmquuv5oXOKpGeT6aGrr3o3Gc9AlVa6JBfUSOCnbxGGZF+/0ooI7KrPuUSztUdU5A==
    dependencies:
      ansi-regex "^5.0.1"
  
  supports-color@^7.1.0:
    version "7.2.0"
    resolved "https://registry.yarnpkg.com/supports-color/-/supports-color-7.2.0.tgz#1b7dcdcb32b8138801b3e478ba6a51caa89648da"
    integrity sha512-qpCAvRl9stuOHveKsn7HncJRvv501qIacKzQlO/+Lwxc9+0q2wLyv4Dfvt80/DPn2pqOBsJdDiogXGR9+OvwRw==
    dependencies:
      has-flag "^4.0.0"
  
  supports-color@^8.1.0:
    version "8.1.1"
    resolved "https://registry.yarnpkg.com/supports-color/-/supports-color-8.1.1.tgz#cd6fc17e28500cff56c1b86c0a7fd4a54a73005c"
    integrity sha512-MpUEN2OodtUzxvKQl72cUF7RQ5EiHsGvSsVG0ia9c5RbWGL2CI4C7EpPS8UTBIplnlzZiNuV56w+FuNxy3ty2Q==
    dependencies:
      has-flag "^4.0.0"
  
  toidentifier@1.0.1:
    version "1.0.1"
    resolved "https://registry.yarnpkg.com/toidentifier/-/toidentifier-1.0.1.tgz#3be34321a88a820ed1bd80dfaa33e479fbb8dd35"
    integrity sha512-o5sSPKEkg/DIQNmH43V0/uerLrpzVedkUh8tGNvaeXpfpuwjKenlSox/2O/BTlZUtEe+JG7s5YhEz608PlAHRA==
  
  tr46@^3.0.0:
    version "3.0.0"
    resolved "https://registry.yarnpkg.com/tr46/-/tr46-3.0.0.tgz#555c4e297a950617e8eeddef633c87d4d9d6cbf9"
    integrity sha512-l7FvfAHlcmulp8kr+flpQZmVwtu7nfRV7NZujtN0OqES8EL4O4e0qqzL0DC5gAvx/ZC/9lk6rhcUwYvkBnBnYA==
    dependencies:
      punycode "^2.1.1"
  
  tr46@~0.0.3:
    version "0.0.3"
    resolved "https://registry.yarnpkg.com/tr46/-/tr46-0.0.3.tgz#8184fd347dac9cdc185992f3a6622e14b9d9ab6a"
    integrity sha1-gYT9NH2snNwYWZLzpmIuFLnZq2o=
  
  tree-kill@^1.2.2:
    version "1.2.2"
    resolved "https://registry.yarnpkg.com/tree-kill/-/tree-kill-1.2.2.tgz#4ca09a9092c88b73a7cdc5e8a01b507b0790a0cc"
    integrity sha512-L0Orpi8qGpRG//Nd+H90vFB+3iHnue1zSSGmNOOCh1GLJ7rUKVwV2HvijphGQS2UmhUZewS9VgvxYIdgr+fG1A==
  
  ts-node@^9.1.1:
    version "9.1.1"
    resolved "https://registry.yarnpkg.com/ts-node/-/ts-node-9.1.1.tgz#51a9a450a3e959401bda5f004a72d54b936d376d"
    integrity sha512-hPlt7ZACERQGf03M253ytLY3dHbGNGrAq9qIHWUY9XHYl1z7wYngSr3OQ5xmui8o2AaxsONxIzjafLUiWBo1Fg==
    dependencies:
      arg "^4.1.0"
      create-require "^1.1.0"
      diff "^4.0.1"
      make-error "^1.1.1"
      source-map-support "^0.5.17"
      yn "3.1.1"
  
  tslib@^1.11.1, tslib@^1.9.0:
    version "1.14.1"
    resolved "https://registry.yarnpkg.com/tslib/-/tslib-1.14.1.tgz#cf2d38bdc34a134bcaf1091c41f6619e2f672d00"
    integrity sha512-Xni35NKzjgMrwevysHTCArtLDpPvye8zV/0E4EyYn43P7/7qvQwPh9BGkHewbMulVntbigmcT7rdX3BNo9wRJg==
  
  tslib@^2.3.0:
    version "2.3.1"
    resolved "https://registry.yarnpkg.com/tslib/-/tslib-2.3.1.tgz#e8a335add5ceae51aa261d32a490158ef042ef01"
    integrity sha512-77EbyPPpMz+FRFRuAFlWMtmgUWGe9UOG2Z25NqCwiIjRhOf5iKGuzSe5P2w1laq+FkRy4p+PCuVkJSGkzTEKVw==
  
  type-is@~1.6.18:
    version "1.6.18"
    resolved "https://registry.yarnpkg.com/type-is/-/type-is-1.6.18.tgz#4e552cd05df09467dcbc4ef739de89f2cf37c131"
    integrity sha512-TkRKr9sUTxEH8MdfuCSP7VizJyzRNMjj2J2do2Jr3Kym598JVdEksuzPQCnlFPW4ky9Q+iA+ma9BGm06XQBy8g==
    dependencies:
      media-typer "0.3.0"
      mime-types "~2.1.24"
  
  typescript@^4.1.3:
    version "4.6.2"
    resolved "https://registry.yarnpkg.com/typescript/-/typescript-4.6.2.tgz#fe12d2727b708f4eef40f51598b3398baa9611d4"
    integrity sha512-HM/hFigTBHZhLXshn9sN37H085+hQGeJHJ/X7LpBWLID/fbc2acUMfU+lGD98X81sKP+pFa9f0DZmCwB9GnbAg==
  
  unpipe@1.0.0, unpipe@~1.0.0:
    version "1.0.0"
    resolved "https://registry.yarnpkg.com/unpipe/-/unpipe-1.0.0.tgz#b2bf4ee8514aae6165b4817829d21b2ef49904ec"
    integrity sha1-sr9O6FFKrmFltIF4KdIbLvSZBOw=
  
  utils-merge@1.0.1:
    version "1.0.1"
    resolved "https://registry.yarnpkg.com/utils-merge/-/utils-merge-1.0.1.tgz#9f95710f50a267947b2ccc124741c1028427e713"
    integrity sha1-n5VxD1CiZ5R7LMwSR0HBAoQn5xM=
  
  uuid@^8.3.2:
    version "8.3.2"
    resolved "https://registry.yarnpkg.com/uuid/-/uuid-8.3.2.tgz#80d5b5ced271bb9af6c445f21a1a04c606cefbe2"
    integrity sha512-+NYs2QeMWy+GWFOEm9xnn6HCDp0l7QBD7ml8zLUmJ+93Q5NF0NocErnwkTkXVFNiX3/fpC6afS8Dhb/gz7R7eg==
  
  vary@^1, vary@~1.1.2:
    version "1.1.2"
    resolved "https://registry.yarnpkg.com/vary/-/vary-1.1.2.tgz#2299f02c6ded30d4a5961b0b9f74524a18f634fc"
    integrity sha1-IpnwLG3tMNSllhsLn3RSShj2NPw=
  
  webidl-conversions@^3.0.0:
    version "3.0.1"
    resolved "https://registry.yarnpkg.com/webidl-conversions/-/webidl-conversions-3.0.1.tgz#24534275e2a7bc6be7bc86611cc16ae0a5654871"
    integrity sha1-JFNCdeKnvGvnvIZhHMFq4KVlSHE=
  
  webidl-conversions@^7.0.0:
    version "7.0.0"
    resolved "https://registry.yarnpkg.com/webidl-conversions/-/webidl-conversions-7.0.0.tgz#256b4e1882be7debbf01d05f0aa2039778ea080a"
    integrity sha512-VwddBukDzu71offAQR975unBIGqfKZpM+8ZX6ySk8nYhVoo5CYaZyzt3YBvYtRtO+aoGlqxPg/B87NGVZ/fu6g==
  
  whatwg-url@^11.0.0:
    version "11.0.0"
    resolved "https://registry.yarnpkg.com/whatwg-url/-/whatwg-url-11.0.0.tgz#0a849eebb5faf2119b901bb76fd795c2848d4018"
    integrity sha512-RKT8HExMpoYx4igMiVMY83lN6UeITKJlBQ+vR/8ZJ8OCdSiN3RwCq+9gH0+Xzj0+5IrM6i4j/6LuvzbZIQgEcQ==
    dependencies:
      tr46 "^3.0.0"
      webidl-conversions "^7.0.0"
  
  whatwg-url@^5.0.0:
    version "5.0.0"
    resolved "https://registry.yarnpkg.com/whatwg-url/-/whatwg-url-5.0.0.tgz#966454e8765462e37644d3626f6742ce8b70965d"
    integrity sha1-lmRU6HZUYuN2RNNib2dCzotwll0=
    dependencies:
      tr46 "~0.0.3"
      webidl-conversions "^3.0.0"
  
  wrap-ansi@^7.0.0:
    version "7.0.0"
    resolved "https://registry.yarnpkg.com/wrap-ansi/-/wrap-ansi-7.0.0.tgz#67e145cff510a6a6984bdf1152911d69d2eb9e43"
    integrity sha512-YVGIj2kamLSTxw6NsZjoBxfSwsn0ycdesmc4p+Q21c5zPuZ1pl+NfxVdxPtdHvmNVOQ6XSYG4AUtyt/Fi7D16Q==
    dependencies:
      ansi-styles "^4.0.0"
      string-width "^4.1.0"
      strip-ansi "^6.0.0"
  
  y18n@^5.0.5:
    version "5.0.8"
    resolved "https://registry.yarnpkg.com/y18n/-/y18n-5.0.8.tgz#7f4934d0f7ca8c56f95314939ddcd2dd91ce1d55"
    integrity sha512-0pfFzegeDWJHJIAmTLRP2DwHjdF5s7jo9tuztdQxAhINCdvS+3nGINqPd00AphqJR/0LhANUS6/+7SCb98YOfA==
  
  yallist@^4.0.0:
    version "4.0.0"
    resolved "https://registry.yarnpkg.com/yallist/-/yallist-4.0.0.tgz#9bb92790d9c0effec63be73519e11a35019a3a72"
    integrity sha512-3wdGidZyq5PB084XLES5TpOSRA3wjXAlIWMhum2kRcv/41Sn2emQ0dycQW4uZXLejwKvg6EsvbdlVL+FYEct7A==
  
  yargs-parser@^20.2.2:
    version "20.2.9"
    resolved "https://registry.yarnpkg.com/yargs-parser/-/yargs-parser-20.2.9.tgz#2eb7dc3b0289718fc295f362753845c41a0c94ee"
    integrity sha512-y11nGElTIV+CT3Zv9t7VKl+Q3hTQoT9a1Qzezhhl6Rp21gJ/IVTW7Z3y9EWXhuUBC2Shnf+DX0antecpAwSP8w==
  
  yargs@^16.2.0:
    version "16.2.0"
    resolved "https://registry.yarnpkg.com/yargs/-/yargs-16.2.0.tgz#1c82bf0f6b6a66eafce7ef30e376f49a12477f66"
    integrity sha512-D1mvvtDG0L5ft/jGWkLpG1+m0eQxOfaBvTNELraWj22wSVUMWxZUvYgJYcKh6jGGIkJFhH4IZPQhR4TKpc8mBw==
    dependencies:
      cliui "^7.0.2"
      escalade "^3.1.1"
      get-caller-file "^2.0.5"
      require-directory "^2.1.1"
      string-width "^4.2.0"
      y18n "^5.0.5"
      yargs-parser "^20.2.2"
  
  yn@3.1.1:
    version "3.1.1"
    resolved "https://registry.yarnpkg.com/yn/-/yn-3.1.1.tgz#1e87401a09d767c1d5eab26a6e4c185182d2eb50"
    integrity sha512-Ux4ygGWsu2c7isFWe8Yu1YluJmqVhxqK2cLXNQA5AcC3QfbGNpM7fu0Y8b/z16pXLnFxZYvWhd3fhBY9DLmC6Q==
